<?xml version="1.0" ?>
<coverage branch-rate="0" branches-covered="0" branches-valid="0" complexity="0" line-rate="0.6393" lines-covered="934" lines-valid="1461" timestamp="1586652996647" version="5.0.4">
	<!-- Generated by coverage.py: https://coverage.readthedocs.io -->
	<!-- Based on https://raw.githubusercontent.com/cobertura/web/master/htdocs/xml/coverage-04.dtd -->
	<sources>
		<source>/home/matt/Desktop/site_selection</source>
	</sources>
	<packages>
		<package branch-rate="0" complexity="0" line-rate="0.6393" name=".">
			<classes>
				<class branch-rate="0" complexity="0" filename="site_selection.py" line-rate="0.6393" name="site_selection.py">
					<methods/>
					<lines>
						<line hits="1" number="3"/>
						<line hits="1" number="4"/>
						<line hits="1" number="6"/>
						<line hits="1" number="7"/>
						<line hits="1" number="9"/>
						<line hits="1" number="12"/>
						<line hits="1" number="13"/>
						<line hits="1" number="14"/>
						<line hits="1" number="15"/>
						<line hits="1" number="17"/>
						<line hits="1" number="18"/>
						<line hits="1" number="19"/>
						<line hits="1" number="24"/>
						<line hits="1" number="28"/>
						<line hits="1" number="39"/>
						<line hits="1" number="42"/>
						<line hits="1" number="44"/>
						<line hits="1" number="45"/>
						<line hits="1" number="48"/>
						<line hits="1" number="49"/>
						<line hits="1" number="53"/>
						<line hits="0" number="54"/>
						<line hits="1" number="56"/>
						<line hits="1" number="58"/>
						<line hits="1" number="59"/>
						<line hits="1" number="63"/>
						<line hits="1" number="72"/>
						<line hits="1" number="76"/>
						<line hits="1" number="77"/>
						<line hits="1" number="81"/>
						<line hits="1" number="101"/>
						<line hits="1" number="105"/>
						<line hits="1" number="111"/>
						<line hits="1" number="112"/>
						<line hits="1" number="113"/>
						<line hits="1" number="114"/>
						<line hits="1" number="115"/>
						<line hits="0" number="116"/>
						<line hits="1" number="117"/>
						<line hits="1" number="118"/>
						<line hits="0" number="119"/>
						<line hits="0" number="120"/>
						<line hits="1" number="121"/>
						<line hits="1" number="124"/>
						<line hits="1" number="125"/>
						<line hits="1" number="126"/>
						<line hits="0" number="127"/>
						<line hits="1" number="128"/>
						<line hits="1" number="129"/>
						<line hits="1" number="130"/>
						<line hits="1" number="131"/>
						<line hits="1" number="132"/>
						<line hits="1" number="133"/>
						<line hits="1" number="134"/>
						<line hits="1" number="137"/>
						<line hits="1" number="157"/>
						<line hits="1" number="158"/>
						<line hits="1" number="159"/>
						<line hits="1" number="162"/>
						<line hits="1" number="163"/>
						<line hits="0" number="164"/>
						<line hits="1" number="165"/>
						<line hits="1" number="166"/>
						<line hits="1" number="167"/>
						<line hits="1" number="168"/>
						<line hits="1" number="169"/>
						<line hits="1" number="170"/>
						<line hits="0" number="171"/>
						<line hits="0" number="172"/>
						<line hits="0" number="175"/>
						<line hits="1" number="176"/>
						<line hits="0" number="177"/>
						<line hits="1" number="178"/>
						<line hits="1" number="179"/>
						<line hits="0" number="180"/>
						<line hits="0" number="181"/>
						<line hits="0" number="182"/>
						<line hits="0" number="183"/>
						<line hits="1" number="184"/>
						<line hits="1" number="185"/>
						<line hits="1" number="188"/>
						<line hits="1" number="189"/>
						<line hits="1" number="190"/>
						<line hits="1" number="191"/>
						<line hits="1" number="192"/>
						<line hits="1" number="193"/>
						<line hits="1" number="194"/>
						<line hits="1" number="195"/>
						<line hits="1" number="196"/>
						<line hits="1" number="197"/>
						<line hits="1" number="198"/>
						<line hits="1" number="199"/>
						<line hits="1" number="200"/>
						<line hits="1" number="201"/>
						<line hits="1" number="202"/>
						<line hits="1" number="203"/>
						<line hits="1" number="204"/>
						<line hits="1" number="205"/>
						<line hits="1" number="206"/>
						<line hits="1" number="207"/>
						<line hits="0" number="208"/>
						<line hits="0" number="209"/>
						<line hits="1" number="210"/>
						<line hits="1" number="211"/>
						<line hits="1" number="214"/>
						<line hits="1" number="215"/>
						<line hits="1" number="216"/>
						<line hits="1" number="217"/>
						<line hits="1" number="218"/>
						<line hits="1" number="219"/>
						<line hits="1" number="220"/>
						<line hits="1" number="221"/>
						<line hits="1" number="222"/>
						<line hits="1" number="223"/>
						<line hits="1" number="224"/>
						<line hits="1" number="225"/>
						<line hits="1" number="226"/>
						<line hits="1" number="227"/>
						<line hits="1" number="228"/>
						<line hits="1" number="229"/>
						<line hits="1" number="230"/>
						<line hits="1" number="231"/>
						<line hits="1" number="232"/>
						<line hits="1" number="233"/>
						<line hits="0" number="234"/>
						<line hits="0" number="235"/>
						<line hits="0" number="236"/>
						<line hits="1" number="237"/>
						<line hits="1" number="249"/>
						<line hits="0" number="250"/>
						<line hits="1" number="251"/>
						<line hits="1" number="252"/>
						<line hits="0" number="255"/>
						<line hits="0" number="256"/>
						<line hits="0" number="257"/>
						<line hits="0" number="258"/>
						<line hits="1" number="260"/>
						<line hits="1" number="263"/>
						<line hits="0" number="264"/>
						<line hits="1" number="265"/>
						<line hits="1" number="266"/>
						<line hits="0" number="269"/>
						<line hits="0" number="270"/>
						<line hits="0" number="271"/>
						<line hits="0" number="272"/>
						<line hits="1" number="274"/>
						<line hits="1" number="277"/>
						<line hits="0" number="278"/>
						<line hits="1" number="279"/>
						<line hits="1" number="280"/>
						<line hits="0" number="283"/>
						<line hits="0" number="284"/>
						<line hits="0" number="285"/>
						<line hits="0" number="286"/>
						<line hits="1" number="288"/>
						<line hits="1" number="291"/>
						<line hits="0" number="292"/>
						<line hits="1" number="293"/>
						<line hits="1" number="294"/>
						<line hits="0" number="297"/>
						<line hits="0" number="298"/>
						<line hits="0" number="299"/>
						<line hits="0" number="300"/>
						<line hits="1" number="302"/>
						<line hits="1" number="305"/>
						<line hits="0" number="306"/>
						<line hits="1" number="307"/>
						<line hits="1" number="308"/>
						<line hits="0" number="311"/>
						<line hits="0" number="312"/>
						<line hits="0" number="313"/>
						<line hits="0" number="314"/>
						<line hits="1" number="316"/>
						<line hits="1" number="319"/>
						<line hits="0" number="320"/>
						<line hits="1" number="321"/>
						<line hits="1" number="322"/>
						<line hits="0" number="325"/>
						<line hits="0" number="326"/>
						<line hits="0" number="327"/>
						<line hits="0" number="328"/>
						<line hits="1" number="330"/>
						<line hits="1" number="333"/>
						<line hits="0" number="334"/>
						<line hits="1" number="335"/>
						<line hits="1" number="336"/>
						<line hits="0" number="339"/>
						<line hits="0" number="340"/>
						<line hits="0" number="341"/>
						<line hits="0" number="342"/>
						<line hits="1" number="344"/>
						<line hits="1" number="347"/>
						<line hits="0" number="348"/>
						<line hits="1" number="349"/>
						<line hits="1" number="350"/>
						<line hits="0" number="353"/>
						<line hits="0" number="354"/>
						<line hits="0" number="355"/>
						<line hits="0" number="356"/>
						<line hits="1" number="358"/>
						<line hits="1" number="361"/>
						<line hits="0" number="362"/>
						<line hits="1" number="363"/>
						<line hits="1" number="364"/>
						<line hits="0" number="367"/>
						<line hits="0" number="368"/>
						<line hits="0" number="369"/>
						<line hits="0" number="370"/>
						<line hits="1" number="372"/>
						<line hits="1" number="375"/>
						<line hits="0" number="376"/>
						<line hits="1" number="377"/>
						<line hits="1" number="378"/>
						<line hits="0" number="381"/>
						<line hits="0" number="382"/>
						<line hits="0" number="383"/>
						<line hits="0" number="384"/>
						<line hits="0" number="386"/>
						<line hits="1" number="395"/>
						<line hits="0" number="396"/>
						<line hits="1" number="397"/>
						<line hits="1" number="398"/>
						<line hits="0" number="401"/>
						<line hits="0" number="402"/>
						<line hits="0" number="403"/>
						<line hits="0" number="404"/>
						<line hits="1" number="406"/>
						<line hits="1" number="409"/>
						<line hits="0" number="410"/>
						<line hits="1" number="411"/>
						<line hits="1" number="412"/>
						<line hits="0" number="415"/>
						<line hits="0" number="416"/>
						<line hits="0" number="417"/>
						<line hits="0" number="418"/>
						<line hits="1" number="420"/>
						<line hits="1" number="423"/>
						<line hits="0" number="424"/>
						<line hits="1" number="425"/>
						<line hits="1" number="426"/>
						<line hits="0" number="429"/>
						<line hits="0" number="430"/>
						<line hits="0" number="431"/>
						<line hits="0" number="432"/>
						<line hits="1" number="434"/>
						<line hits="1" number="437"/>
						<line hits="0" number="438"/>
						<line hits="1" number="439"/>
						<line hits="1" number="440"/>
						<line hits="0" number="443"/>
						<line hits="0" number="444"/>
						<line hits="0" number="445"/>
						<line hits="0" number="446"/>
						<line hits="1" number="448"/>
						<line hits="1" number="451"/>
						<line hits="0" number="452"/>
						<line hits="1" number="453"/>
						<line hits="1" number="454"/>
						<line hits="0" number="457"/>
						<line hits="0" number="458"/>
						<line hits="0" number="459"/>
						<line hits="0" number="460"/>
						<line hits="1" number="462"/>
						<line hits="1" number="465"/>
						<line hits="0" number="466"/>
						<line hits="1" number="467"/>
						<line hits="1" number="468"/>
						<line hits="0" number="471"/>
						<line hits="0" number="472"/>
						<line hits="0" number="473"/>
						<line hits="0" number="474"/>
						<line hits="1" number="476"/>
						<line hits="1" number="479"/>
						<line hits="0" number="480"/>
						<line hits="1" number="481"/>
						<line hits="1" number="482"/>
						<line hits="0" number="485"/>
						<line hits="0" number="486"/>
						<line hits="0" number="487"/>
						<line hits="0" number="488"/>
						<line hits="1" number="490"/>
						<line hits="1" number="493"/>
						<line hits="0" number="494"/>
						<line hits="1" number="495"/>
						<line hits="1" number="496"/>
						<line hits="0" number="499"/>
						<line hits="0" number="500"/>
						<line hits="0" number="501"/>
						<line hits="0" number="502"/>
						<line hits="1" number="504"/>
						<line hits="1" number="507"/>
						<line hits="0" number="508"/>
						<line hits="1" number="509"/>
						<line hits="1" number="510"/>
						<line hits="0" number="513"/>
						<line hits="0" number="514"/>
						<line hits="0" number="515"/>
						<line hits="0" number="516"/>
						<line hits="1" number="518"/>
						<line hits="1" number="521"/>
						<line hits="0" number="522"/>
						<line hits="1" number="523"/>
						<line hits="1" number="524"/>
						<line hits="0" number="527"/>
						<line hits="0" number="528"/>
						<line hits="0" number="529"/>
						<line hits="0" number="530"/>
						<line hits="0" number="532"/>
						<line hits="0" number="535"/>
						<line hits="0" number="536"/>
						<line hits="0" number="537"/>
						<line hits="0" number="538"/>
						<line hits="0" number="539"/>
						<line hits="0" number="540"/>
						<line hits="0" number="541"/>
						<line hits="0" number="542"/>
						<line hits="1" number="543"/>
						<line hits="1" number="553"/>
						<line hits="1" number="554"/>
						<line hits="1" number="555"/>
						<line hits="1" number="556"/>
						<line hits="1" number="557"/>
						<line hits="1" number="558"/>
						<line hits="0" number="559"/>
						<line hits="1" number="560"/>
						<line hits="1" number="561"/>
						<line hits="1" number="571"/>
						<line hits="1" number="572"/>
						<line hits="1" number="573"/>
						<line hits="1" number="574"/>
						<line hits="1" number="575"/>
						<line hits="1" number="576"/>
						<line hits="0" number="577"/>
						<line hits="1" number="578"/>
						<line hits="1" number="579"/>
						<line hits="1" number="589"/>
						<line hits="1" number="590"/>
						<line hits="1" number="591"/>
						<line hits="1" number="592"/>
						<line hits="1" number="593"/>
						<line hits="1" number="594"/>
						<line hits="0" number="595"/>
						<line hits="1" number="596"/>
						<line hits="1" number="597"/>
						<line hits="1" number="607"/>
						<line hits="1" number="608"/>
						<line hits="1" number="609"/>
						<line hits="1" number="610"/>
						<line hits="1" number="611"/>
						<line hits="1" number="612"/>
						<line hits="0" number="613"/>
						<line hits="1" number="614"/>
						<line hits="1" number="615"/>
						<line hits="1" number="623"/>
						<line hits="1" number="626"/>
						<line hits="1" number="627"/>
						<line hits="1" number="628"/>
						<line hits="1" number="629"/>
						<line hits="1" number="630"/>
						<line hits="1" number="631"/>
						<line hits="0" number="632"/>
						<line hits="1" number="633"/>
						<line hits="1" number="634"/>
						<line hits="1" number="642"/>
						<line hits="1" number="645"/>
						<line hits="1" number="646"/>
						<line hits="1" number="647"/>
						<line hits="1" number="648"/>
						<line hits="1" number="649"/>
						<line hits="1" number="650"/>
						<line hits="0" number="651"/>
						<line hits="1" number="652"/>
						<line hits="1" number="653"/>
						<line hits="1" number="663"/>
						<line hits="1" number="664"/>
						<line hits="1" number="665"/>
						<line hits="1" number="666"/>
						<line hits="1" number="667"/>
						<line hits="1" number="668"/>
						<line hits="0" number="669"/>
						<line hits="1" number="670"/>
						<line hits="1" number="671"/>
						<line hits="1" number="681"/>
						<line hits="1" number="682"/>
						<line hits="1" number="683"/>
						<line hits="1" number="684"/>
						<line hits="1" number="685"/>
						<line hits="1" number="686"/>
						<line hits="0" number="687"/>
						<line hits="1" number="688"/>
						<line hits="1" number="689"/>
						<line hits="1" number="699"/>
						<line hits="1" number="700"/>
						<line hits="1" number="701"/>
						<line hits="1" number="702"/>
						<line hits="1" number="703"/>
						<line hits="1" number="704"/>
						<line hits="0" number="705"/>
						<line hits="1" number="706"/>
						<line hits="1" number="707"/>
						<line hits="1" number="728"/>
						<line hits="0" number="729"/>
						<line hits="0" number="730"/>
						<line hits="1" number="731"/>
						<line hits="0" number="732"/>
						<line hits="1" number="735"/>
						<line hits="1" number="737"/>
						<line hits="0" number="747"/>
						<line hits="0" number="752"/>
						<line hits="1" number="753"/>
						<line hits="1" number="754"/>
						<line hits="1" number="755"/>
						<line hits="0" number="757"/>
						<line hits="1" number="758"/>
						<line hits="1" number="759"/>
						<line hits="0" number="762"/>
						<line hits="1" number="763"/>
						<line hits="1" number="764"/>
						<line hits="1" number="767"/>
						<line hits="0" number="768"/>
						<line hits="1" number="770"/>
						<line hits="1" number="773"/>
						<line hits="1" number="776"/>
						<line hits="1" number="779"/>
						<line hits="1" number="782"/>
						<line hits="1" number="785"/>
						<line hits="1" number="788"/>
						<line hits="1" number="791"/>
						<line hits="1" number="794"/>
						<line hits="1" number="797"/>
						<line hits="1" number="801"/>
						<line hits="0" number="803"/>
						<line hits="1" number="804"/>
						<line hits="1" number="805"/>
						<line hits="1" number="806"/>
						<line hits="1" number="808"/>
						<line hits="1" number="809"/>
						<line hits="1" number="810"/>
						<line hits="1" number="811"/>
						<line hits="1" number="812"/>
						<line hits="1" number="813"/>
						<line hits="0" number="814"/>
						<line hits="0" number="815"/>
						<line hits="0" number="816"/>
						<line hits="0" number="817"/>
						<line hits="1" number="819"/>
						<line hits="1" number="832"/>
						<line hits="1" number="834"/>
						<line hits="0" number="836"/>
						<line hits="0" number="837"/>
						<line hits="0" number="838"/>
						<line hits="0" number="839"/>
						<line hits="1" number="841"/>
						<line hits="1" number="846"/>
						<line hits="1" number="847"/>
						<line hits="1" number="859"/>
						<line hits="1" number="860"/>
						<line hits="1" number="862"/>
						<line hits="0" number="863"/>
						<line hits="1" number="864"/>
						<line hits="0" number="865"/>
						<line hits="0" number="866"/>
						<line hits="0" number="868"/>
						<line hits="0" number="869"/>
						<line hits="0" number="870"/>
						<line hits="0" number="873"/>
						<line hits="0" number="876"/>
						<line hits="0" number="877"/>
						<line hits="0" number="878"/>
						<line hits="0" number="879"/>
						<line hits="0" number="880"/>
						<line hits="0" number="881"/>
						<line hits="0" number="882"/>
						<line hits="0" number="885"/>
						<line hits="0" number="886"/>
						<line hits="0" number="887"/>
						<line hits="0" number="888"/>
						<line hits="0" number="889"/>
						<line hits="0" number="890"/>
						<line hits="0" number="891"/>
						<line hits="0" number="892"/>
						<line hits="0" number="893"/>
						<line hits="0" number="894"/>
						<line hits="0" number="895"/>
						<line hits="1" number="896"/>
						<line hits="0" number="898"/>
						<line hits="0" number="900"/>
						<line hits="0" number="901"/>
						<line hits="0" number="902"/>
						<line hits="0" number="903"/>
						<line hits="0" number="904"/>
						<line hits="0" number="905"/>
						<line hits="0" number="907"/>
						<line hits="0" number="908"/>
						<line hits="0" number="909"/>
						<line hits="0" number="914"/>
						<line hits="0" number="915"/>
						<line hits="0" number="916"/>
						<line hits="0" number="917"/>
						<line hits="0" number="921"/>
						<line hits="0" number="922"/>
						<line hits="0" number="923"/>
						<line hits="0" number="925"/>
						<line hits="0" number="928"/>
						<line hits="0" number="931"/>
						<line hits="0" number="932"/>
						<line hits="0" number="933"/>
						<line hits="0" number="934"/>
						<line hits="0" number="935"/>
						<line hits="0" number="936"/>
						<line hits="0" number="937"/>
						<line hits="0" number="938"/>
						<line hits="0" number="939"/>
						<line hits="0" number="940"/>
						<line hits="0" number="941"/>
						<line hits="0" number="942"/>
						<line hits="0" number="943"/>
						<line hits="0" number="944"/>
						<line hits="0" number="945"/>
						<line hits="0" number="946"/>
						<line hits="0" number="947"/>
						<line hits="0" number="948"/>
						<line hits="0" number="949"/>
						<line hits="0" number="950"/>
						<line hits="0" number="951"/>
						<line hits="0" number="952"/>
						<line hits="0" number="953"/>
						<line hits="0" number="954"/>
						<line hits="0" number="955"/>
						<line hits="0" number="956"/>
						<line hits="0" number="957"/>
						<line hits="0" number="958"/>
						<line hits="0" number="959"/>
						<line hits="0" number="960"/>
						<line hits="0" number="961"/>
						<line hits="0" number="962"/>
						<line hits="0" number="963"/>
						<line hits="0" number="964"/>
						<line hits="1" number="965"/>
						<line hits="1" number="968"/>
						<line hits="0" number="969"/>
						<line hits="0" number="971"/>
						<line hits="0" number="972"/>
						<line hits="1" number="974"/>
						<line hits="0" number="977"/>
						<line hits="1" number="978"/>
						<line hits="1" number="979"/>
						<line hits="1" number="980"/>
						<line hits="1" number="982"/>
						<line hits="1" number="983"/>
						<line hits="1" number="984"/>
						<line hits="0" number="986"/>
						<line hits="1" number="987"/>
						<line hits="1" number="988"/>
						<line hits="1" number="991"/>
						<line hits="1" number="994"/>
						<line hits="1" number="995"/>
						<line hits="1" number="996"/>
						<line hits="1" number="997"/>
						<line hits="0" number="998"/>
						<line hits="1" number="999"/>
						<line hits="1" number="1000"/>
						<line hits="0" number="1003"/>
						<line hits="0" number="1004"/>
						<line hits="0" number="1005"/>
						<line hits="1" number="1006"/>
						<line hits="1" number="1007"/>
						<line hits="1" number="1008"/>
						<line hits="1" number="1009"/>
						<line hits="1" number="1010"/>
						<line hits="0" number="1011"/>
						<line hits="0" number="1012"/>
						<line hits="0" number="1013"/>
						<line hits="1" number="1014"/>
						<line hits="1" number="1016"/>
						<line hits="1" number="1018"/>
						<line hits="1" number="1019"/>
						<line hits="0" number="1020"/>
						<line hits="1" number="1021"/>
						<line hits="1" number="1022"/>
						<line hits="0" number="1023"/>
						<line hits="0" number="1025"/>
						<line hits="0" number="1026"/>
						<line hits="1" number="1027"/>
						<line hits="1" number="1032"/>
						<line hits="1" number="1033"/>
						<line hits="0" number="1034"/>
						<line hits="1" number="1035"/>
						<line hits="1" number="1039"/>
						<line hits="1" number="1040"/>
						<line hits="0" number="1041"/>
						<line hits="1" number="1043"/>
						<line hits="1" number="1046"/>
						<line hits="0" number="1049"/>
						<line hits="0" number="1050"/>
						<line hits="0" number="1051"/>
						<line hits="1" number="1052"/>
						<line hits="1" number="1053"/>
						<line hits="1" number="1054"/>
						<line hits="1" number="1055"/>
						<line hits="1" number="1056"/>
						<line hits="1" number="1057"/>
						<line hits="1" number="1058"/>
						<line hits="1" number="1059"/>
						<line hits="1" number="1060"/>
						<line hits="1" number="1061"/>
						<line hits="0" number="1062"/>
						<line hits="0" number="1063"/>
						<line hits="1" number="1064"/>
						<line hits="0" number="1065"/>
						<line hits="0" number="1066"/>
						<line hits="0" number="1067"/>
						<line hits="0" number="1068"/>
						<line hits="0" number="1069"/>
						<line hits="0" number="1070"/>
						<line hits="0" number="1071"/>
						<line hits="0" number="1072"/>
						<line hits="0" number="1073"/>
						<line hits="0" number="1074"/>
						<line hits="1" number="1075"/>
						<line hits="1" number="1076"/>
						<line hits="0" number="1077"/>
						<line hits="1" number="1078"/>
						<line hits="1" number="1079"/>
						<line hits="1" number="1080"/>
						<line hits="0" number="1081"/>
						<line hits="1" number="1082"/>
						<line hits="1" number="1083"/>
						<line hits="0" number="1086"/>
						<line hits="1" number="1087"/>
						<line hits="0" number="1088"/>
						<line hits="1" number="1089"/>
						<line hits="0" number="1091"/>
						<line hits="0" number="1093"/>
						<line hits="0" number="1094"/>
						<line hits="1" number="1096"/>
						<line hits="0" number="1099"/>
						<line hits="1" number="1100"/>
						<line hits="1" number="1101"/>
						<line hits="1" number="1102"/>
						<line hits="1" number="1104"/>
						<line hits="1" number="1105"/>
						<line hits="1" number="1106"/>
						<line hits="0" number="1108"/>
						<line hits="1" number="1109"/>
						<line hits="1" number="1110"/>
						<line hits="1" number="1113"/>
						<line hits="1" number="1116"/>
						<line hits="1" number="1117"/>
						<line hits="1" number="1118"/>
						<line hits="1" number="1119"/>
						<line hits="0" number="1120"/>
						<line hits="1" number="1121"/>
						<line hits="1" number="1122"/>
						<line hits="1" number="1125"/>
						<line hits="1" number="1126"/>
						<line hits="1" number="1127"/>
						<line hits="0" number="1128"/>
						<line hits="0" number="1129"/>
						<line hits="0" number="1130"/>
						<line hits="0" number="1131"/>
						<line hits="0" number="1132"/>
						<line hits="0" number="1133"/>
						<line hits="0" number="1134"/>
						<line hits="0" number="1135"/>
						<line hits="1" number="1136"/>
						<line hits="1" number="1138"/>
						<line hits="1" number="1140"/>
						<line hits="1" number="1141"/>
						<line hits="0" number="1142"/>
						<line hits="1" number="1143"/>
						<line hits="1" number="1144"/>
						<line hits="0" number="1145"/>
						<line hits="0" number="1147"/>
						<line hits="0" number="1148"/>
						<line hits="1" number="1149"/>
						<line hits="1" number="1154"/>
						<line hits="1" number="1155"/>
						<line hits="0" number="1156"/>
						<line hits="1" number="1157"/>
						<line hits="1" number="1161"/>
						<line hits="1" number="1162"/>
						<line hits="0" number="1163"/>
						<line hits="1" number="1165"/>
						<line hits="1" number="1168"/>
						<line hits="0" number="1171"/>
						<line hits="0" number="1172"/>
						<line hits="0" number="1173"/>
						<line hits="1" number="1174"/>
						<line hits="1" number="1175"/>
						<line hits="1" number="1176"/>
						<line hits="1" number="1177"/>
						<line hits="1" number="1178"/>
						<line hits="1" number="1179"/>
						<line hits="1" number="1180"/>
						<line hits="1" number="1181"/>
						<line hits="1" number="1182"/>
						<line hits="1" number="1183"/>
						<line hits="1" number="1184"/>
						<line hits="1" number="1185"/>
						<line hits="1" number="1186"/>
						<line hits="1" number="1187"/>
						<line hits="0" number="1188"/>
						<line hits="1" number="1189"/>
						<line hits="1" number="1190"/>
						<line hits="1" number="1191"/>
						<line hits="1" number="1192"/>
						<line hits="1" number="1193"/>
						<line hits="1" number="1194"/>
						<line hits="1" number="1195"/>
						<line hits="1" number="1196"/>
						<line hits="1" number="1197"/>
						<line hits="1" number="1198"/>
						<line hits="0" number="1199"/>
						<line hits="1" number="1200"/>
						<line hits="1" number="1201"/>
						<line hits="1" number="1202"/>
						<line hits="0" number="1203"/>
						<line hits="1" number="1204"/>
						<line hits="1" number="1205"/>
						<line hits="0" number="1208"/>
						<line hits="1" number="1209"/>
						<line hits="0" number="1210"/>
						<line hits="1" number="1211"/>
						<line hits="0" number="1213"/>
						<line hits="0" number="1215"/>
						<line hits="0" number="1216"/>
						<line hits="1" number="1218"/>
						<line hits="0" number="1221"/>
						<line hits="1" number="1222"/>
						<line hits="1" number="1223"/>
						<line hits="1" number="1224"/>
						<line hits="1" number="1226"/>
						<line hits="1" number="1227"/>
						<line hits="1" number="1228"/>
						<line hits="0" number="1230"/>
						<line hits="1" number="1231"/>
						<line hits="1" number="1232"/>
						<line hits="1" number="1235"/>
						<line hits="1" number="1238"/>
						<line hits="1" number="1239"/>
						<line hits="1" number="1240"/>
						<line hits="1" number="1241"/>
						<line hits="0" number="1242"/>
						<line hits="1" number="1243"/>
						<line hits="1" number="1244"/>
						<line hits="1" number="1247"/>
						<line hits="1" number="1248"/>
						<line hits="1" number="1249"/>
						<line hits="0" number="1250"/>
						<line hits="0" number="1251"/>
						<line hits="0" number="1252"/>
						<line hits="0" number="1253"/>
						<line hits="0" number="1254"/>
						<line hits="0" number="1255"/>
						<line hits="0" number="1256"/>
						<line hits="0" number="1257"/>
						<line hits="1" number="1258"/>
						<line hits="1" number="1260"/>
						<line hits="1" number="1262"/>
						<line hits="1" number="1263"/>
						<line hits="0" number="1264"/>
						<line hits="1" number="1265"/>
						<line hits="1" number="1266"/>
						<line hits="0" number="1267"/>
						<line hits="0" number="1269"/>
						<line hits="0" number="1270"/>
						<line hits="1" number="1271"/>
						<line hits="1" number="1276"/>
						<line hits="1" number="1277"/>
						<line hits="0" number="1278"/>
						<line hits="1" number="1279"/>
						<line hits="1" number="1283"/>
						<line hits="1" number="1284"/>
						<line hits="0" number="1285"/>
						<line hits="1" number="1287"/>
						<line hits="1" number="1290"/>
						<line hits="0" number="1293"/>
						<line hits="0" number="1294"/>
						<line hits="0" number="1295"/>
						<line hits="1" number="1296"/>
						<line hits="1" number="1297"/>
						<line hits="1" number="1298"/>
						<line hits="1" number="1299"/>
						<line hits="1" number="1300"/>
						<line hits="1" number="1301"/>
						<line hits="1" number="1302"/>
						<line hits="1" number="1303"/>
						<line hits="1" number="1304"/>
						<line hits="1" number="1305"/>
						<line hits="1" number="1306"/>
						<line hits="1" number="1307"/>
						<line hits="1" number="1308"/>
						<line hits="1" number="1309"/>
						<line hits="0" number="1310"/>
						<line hits="1" number="1311"/>
						<line hits="1" number="1312"/>
						<line hits="1" number="1313"/>
						<line hits="1" number="1314"/>
						<line hits="1" number="1315"/>
						<line hits="1" number="1316"/>
						<line hits="1" number="1317"/>
						<line hits="1" number="1318"/>
						<line hits="1" number="1319"/>
						<line hits="1" number="1320"/>
						<line hits="0" number="1321"/>
						<line hits="1" number="1322"/>
						<line hits="1" number="1323"/>
						<line hits="1" number="1324"/>
						<line hits="0" number="1325"/>
						<line hits="1" number="1326"/>
						<line hits="1" number="1327"/>
						<line hits="0" number="1330"/>
						<line hits="1" number="1331"/>
						<line hits="0" number="1333"/>
						<line hits="1" number="1335"/>
						<line hits="0" number="1336"/>
						<line hits="1" number="1338"/>
						<line hits="1" number="1339"/>
						<line hits="0" number="1341"/>
						<line hits="1" number="1342"/>
						<line hits="1" number="1343"/>
						<line hits="1" number="1344"/>
						<line hits="1" number="1346"/>
						<line hits="1" number="1347"/>
						<line hits="1" number="1348"/>
						<line hits="0" number="1350"/>
						<line hits="1" number="1351"/>
						<line hits="1" number="1352"/>
						<line hits="1" number="1355"/>
						<line hits="1" number="1358"/>
						<line hits="1" number="1359"/>
						<line hits="1" number="1360"/>
						<line hits="1" number="1361"/>
						<line hits="0" number="1362"/>
						<line hits="1" number="1363"/>
						<line hits="1" number="1364"/>
						<line hits="1" number="1367"/>
						<line hits="1" number="1368"/>
						<line hits="1" number="1369"/>
						<line hits="0" number="1370"/>
						<line hits="0" number="1371"/>
						<line hits="0" number="1372"/>
						<line hits="0" number="1373"/>
						<line hits="0" number="1374"/>
						<line hits="0" number="1375"/>
						<line hits="0" number="1376"/>
						<line hits="0" number="1377"/>
						<line hits="1" number="1378"/>
						<line hits="1" number="1380"/>
						<line hits="1" number="1382"/>
						<line hits="1" number="1383"/>
						<line hits="0" number="1384"/>
						<line hits="1" number="1385"/>
						<line hits="1" number="1386"/>
						<line hits="0" number="1387"/>
						<line hits="0" number="1389"/>
						<line hits="0" number="1390"/>
						<line hits="1" number="1391"/>
						<line hits="1" number="1396"/>
						<line hits="1" number="1397"/>
						<line hits="0" number="1398"/>
						<line hits="1" number="1399"/>
						<line hits="1" number="1403"/>
						<line hits="1" number="1404"/>
						<line hits="0" number="1405"/>
						<line hits="1" number="1407"/>
						<line hits="1" number="1410"/>
						<line hits="0" number="1413"/>
						<line hits="0" number="1414"/>
						<line hits="0" number="1415"/>
						<line hits="1" number="1416"/>
						<line hits="1" number="1417"/>
						<line hits="1" number="1418"/>
						<line hits="1" number="1419"/>
						<line hits="1" number="1420"/>
						<line hits="1" number="1421"/>
						<line hits="1" number="1422"/>
						<line hits="1" number="1423"/>
						<line hits="1" number="1424"/>
						<line hits="1" number="1425"/>
						<line hits="1" number="1426"/>
						<line hits="1" number="1427"/>
						<line hits="1" number="1428"/>
						<line hits="1" number="1429"/>
						<line hits="0" number="1430"/>
						<line hits="1" number="1431"/>
						<line hits="1" number="1432"/>
						<line hits="1" number="1433"/>
						<line hits="1" number="1434"/>
						<line hits="1" number="1435"/>
						<line hits="1" number="1436"/>
						<line hits="1" number="1437"/>
						<line hits="1" number="1438"/>
						<line hits="1" number="1439"/>
						<line hits="1" number="1440"/>
						<line hits="0" number="1441"/>
						<line hits="1" number="1442"/>
						<line hits="1" number="1443"/>
						<line hits="1" number="1444"/>
						<line hits="0" number="1445"/>
						<line hits="1" number="1446"/>
						<line hits="1" number="1447"/>
						<line hits="1" number="1450"/>
						<line hits="0" number="1451"/>
						<line hits="1" number="1453"/>
						<line hits="0" number="1454"/>
						<line hits="1" number="1456"/>
						<line hits="1" number="1457"/>
						<line hits="0" number="1459"/>
						<line hits="1" number="1460"/>
						<line hits="1" number="1461"/>
						<line hits="1" number="1462"/>
						<line hits="1" number="1464"/>
						<line hits="1" number="1465"/>
						<line hits="1" number="1466"/>
						<line hits="0" number="1468"/>
						<line hits="1" number="1469"/>
						<line hits="1" number="1470"/>
						<line hits="1" number="1473"/>
						<line hits="1" number="1476"/>
						<line hits="1" number="1477"/>
						<line hits="1" number="1478"/>
						<line hits="1" number="1479"/>
						<line hits="0" number="1480"/>
						<line hits="1" number="1481"/>
						<line hits="1" number="1482"/>
						<line hits="1" number="1485"/>
						<line hits="1" number="1486"/>
						<line hits="1" number="1487"/>
						<line hits="0" number="1488"/>
						<line hits="0" number="1489"/>
						<line hits="0" number="1490"/>
						<line hits="0" number="1491"/>
						<line hits="0" number="1492"/>
						<line hits="0" number="1493"/>
						<line hits="0" number="1494"/>
						<line hits="0" number="1495"/>
						<line hits="1" number="1496"/>
						<line hits="1" number="1498"/>
						<line hits="1" number="1500"/>
						<line hits="1" number="1501"/>
						<line hits="0" number="1502"/>
						<line hits="1" number="1503"/>
						<line hits="1" number="1504"/>
						<line hits="0" number="1505"/>
						<line hits="0" number="1507"/>
						<line hits="0" number="1508"/>
						<line hits="1" number="1509"/>
						<line hits="1" number="1514"/>
						<line hits="1" number="1515"/>
						<line hits="0" number="1516"/>
						<line hits="1" number="1517"/>
						<line hits="1" number="1521"/>
						<line hits="1" number="1522"/>
						<line hits="0" number="1523"/>
						<line hits="1" number="1525"/>
						<line hits="1" number="1528"/>
						<line hits="0" number="1531"/>
						<line hits="0" number="1532"/>
						<line hits="0" number="1533"/>
						<line hits="1" number="1534"/>
						<line hits="1" number="1535"/>
						<line hits="1" number="1536"/>
						<line hits="1" number="1537"/>
						<line hits="1" number="1538"/>
						<line hits="1" number="1539"/>
						<line hits="1" number="1540"/>
						<line hits="1" number="1541"/>
						<line hits="1" number="1542"/>
						<line hits="1" number="1543"/>
						<line hits="1" number="1544"/>
						<line hits="1" number="1545"/>
						<line hits="1" number="1546"/>
						<line hits="1" number="1547"/>
						<line hits="0" number="1548"/>
						<line hits="1" number="1549"/>
						<line hits="1" number="1550"/>
						<line hits="1" number="1551"/>
						<line hits="1" number="1552"/>
						<line hits="1" number="1553"/>
						<line hits="1" number="1554"/>
						<line hits="1" number="1555"/>
						<line hits="1" number="1556"/>
						<line hits="1" number="1557"/>
						<line hits="1" number="1558"/>
						<line hits="0" number="1559"/>
						<line hits="1" number="1560"/>
						<line hits="1" number="1561"/>
						<line hits="1" number="1562"/>
						<line hits="0" number="1563"/>
						<line hits="1" number="1564"/>
						<line hits="1" number="1565"/>
						<line hits="1" number="1568"/>
						<line hits="0" number="1569"/>
						<line hits="1" number="1571"/>
						<line hits="0" number="1572"/>
						<line hits="1" number="1574"/>
						<line hits="1" number="1575"/>
						<line hits="0" number="1577"/>
						<line hits="1" number="1578"/>
						<line hits="1" number="1579"/>
						<line hits="1" number="1580"/>
						<line hits="1" number="1582"/>
						<line hits="1" number="1583"/>
						<line hits="1" number="1584"/>
						<line hits="0" number="1586"/>
						<line hits="1" number="1587"/>
						<line hits="1" number="1588"/>
						<line hits="1" number="1591"/>
						<line hits="1" number="1594"/>
						<line hits="1" number="1595"/>
						<line hits="1" number="1596"/>
						<line hits="1" number="1597"/>
						<line hits="0" number="1598"/>
						<line hits="1" number="1599"/>
						<line hits="1" number="1600"/>
						<line hits="1" number="1603"/>
						<line hits="1" number="1604"/>
						<line hits="1" number="1605"/>
						<line hits="0" number="1606"/>
						<line hits="0" number="1607"/>
						<line hits="0" number="1608"/>
						<line hits="0" number="1609"/>
						<line hits="0" number="1610"/>
						<line hits="0" number="1611"/>
						<line hits="0" number="1612"/>
						<line hits="0" number="1613"/>
						<line hits="1" number="1614"/>
						<line hits="1" number="1616"/>
						<line hits="1" number="1618"/>
						<line hits="1" number="1619"/>
						<line hits="0" number="1620"/>
						<line hits="1" number="1621"/>
						<line hits="1" number="1622"/>
						<line hits="0" number="1623"/>
						<line hits="0" number="1625"/>
						<line hits="0" number="1626"/>
						<line hits="1" number="1627"/>
						<line hits="1" number="1632"/>
						<line hits="1" number="1633"/>
						<line hits="0" number="1634"/>
						<line hits="1" number="1635"/>
						<line hits="1" number="1639"/>
						<line hits="1" number="1640"/>
						<line hits="0" number="1641"/>
						<line hits="1" number="1643"/>
						<line hits="1" number="1646"/>
						<line hits="0" number="1649"/>
						<line hits="0" number="1650"/>
						<line hits="0" number="1651"/>
						<line hits="1" number="1652"/>
						<line hits="1" number="1653"/>
						<line hits="1" number="1654"/>
						<line hits="1" number="1655"/>
						<line hits="1" number="1656"/>
						<line hits="1" number="1657"/>
						<line hits="1" number="1658"/>
						<line hits="1" number="1659"/>
						<line hits="1" number="1660"/>
						<line hits="1" number="1661"/>
						<line hits="1" number="1662"/>
						<line hits="1" number="1663"/>
						<line hits="1" number="1664"/>
						<line hits="1" number="1665"/>
						<line hits="0" number="1666"/>
						<line hits="1" number="1667"/>
						<line hits="1" number="1668"/>
						<line hits="1" number="1669"/>
						<line hits="1" number="1670"/>
						<line hits="1" number="1671"/>
						<line hits="1" number="1672"/>
						<line hits="1" number="1673"/>
						<line hits="1" number="1674"/>
						<line hits="1" number="1675"/>
						<line hits="1" number="1676"/>
						<line hits="0" number="1677"/>
						<line hits="1" number="1678"/>
						<line hits="1" number="1679"/>
						<line hits="1" number="1680"/>
						<line hits="0" number="1681"/>
						<line hits="1" number="1682"/>
						<line hits="1" number="1683"/>
						<line hits="1" number="1686"/>
						<line hits="0" number="1687"/>
						<line hits="1" number="1689"/>
						<line hits="0" number="1690"/>
						<line hits="1" number="1692"/>
						<line hits="1" number="1693"/>
						<line hits="0" number="1695"/>
						<line hits="1" number="1696"/>
						<line hits="1" number="1697"/>
						<line hits="1" number="1698"/>
						<line hits="1" number="1700"/>
						<line hits="1" number="1701"/>
						<line hits="1" number="1702"/>
						<line hits="0" number="1704"/>
						<line hits="1" number="1705"/>
						<line hits="1" number="1706"/>
						<line hits="1" number="1709"/>
						<line hits="1" number="1712"/>
						<line hits="1" number="1713"/>
						<line hits="1" number="1714"/>
						<line hits="1" number="1715"/>
						<line hits="0" number="1716"/>
						<line hits="1" number="1717"/>
						<line hits="1" number="1718"/>
						<line hits="1" number="1721"/>
						<line hits="1" number="1722"/>
						<line hits="1" number="1723"/>
						<line hits="0" number="1724"/>
						<line hits="0" number="1725"/>
						<line hits="0" number="1726"/>
						<line hits="0" number="1727"/>
						<line hits="0" number="1728"/>
						<line hits="0" number="1729"/>
						<line hits="0" number="1730"/>
						<line hits="0" number="1731"/>
						<line hits="1" number="1732"/>
						<line hits="1" number="1734"/>
						<line hits="1" number="1736"/>
						<line hits="1" number="1737"/>
						<line hits="0" number="1738"/>
						<line hits="1" number="1739"/>
						<line hits="1" number="1740"/>
						<line hits="0" number="1741"/>
						<line hits="0" number="1743"/>
						<line hits="0" number="1744"/>
						<line hits="1" number="1745"/>
						<line hits="1" number="1750"/>
						<line hits="1" number="1751"/>
						<line hits="0" number="1752"/>
						<line hits="1" number="1753"/>
						<line hits="1" number="1757"/>
						<line hits="1" number="1758"/>
						<line hits="0" number="1759"/>
						<line hits="1" number="1761"/>
						<line hits="1" number="1764"/>
						<line hits="0" number="1767"/>
						<line hits="0" number="1768"/>
						<line hits="0" number="1769"/>
						<line hits="1" number="1770"/>
						<line hits="1" number="1771"/>
						<line hits="1" number="1772"/>
						<line hits="1" number="1773"/>
						<line hits="1" number="1774"/>
						<line hits="1" number="1775"/>
						<line hits="1" number="1776"/>
						<line hits="1" number="1777"/>
						<line hits="1" number="1778"/>
						<line hits="1" number="1779"/>
						<line hits="1" number="1780"/>
						<line hits="1" number="1781"/>
						<line hits="1" number="1782"/>
						<line hits="1" number="1783"/>
						<line hits="0" number="1784"/>
						<line hits="1" number="1785"/>
						<line hits="1" number="1786"/>
						<line hits="1" number="1787"/>
						<line hits="1" number="1788"/>
						<line hits="1" number="1789"/>
						<line hits="1" number="1790"/>
						<line hits="1" number="1791"/>
						<line hits="1" number="1792"/>
						<line hits="1" number="1793"/>
						<line hits="1" number="1794"/>
						<line hits="0" number="1795"/>
						<line hits="1" number="1796"/>
						<line hits="1" number="1797"/>
						<line hits="1" number="1798"/>
						<line hits="0" number="1799"/>
						<line hits="1" number="1800"/>
						<line hits="1" number="1801"/>
						<line hits="1" number="1804"/>
						<line hits="0" number="1805"/>
						<line hits="1" number="1807"/>
						<line hits="0" number="1808"/>
						<line hits="1" number="1810"/>
						<line hits="1" number="1811"/>
						<line hits="0" number="1813"/>
						<line hits="1" number="1814"/>
						<line hits="1" number="1815"/>
						<line hits="1" number="1816"/>
						<line hits="1" number="1818"/>
						<line hits="1" number="1819"/>
						<line hits="1" number="1820"/>
						<line hits="0" number="1822"/>
						<line hits="1" number="1823"/>
						<line hits="1" number="1824"/>
						<line hits="1" number="1827"/>
						<line hits="1" number="1830"/>
						<line hits="1" number="1831"/>
						<line hits="1" number="1832"/>
						<line hits="1" number="1833"/>
						<line hits="0" number="1834"/>
						<line hits="1" number="1835"/>
						<line hits="1" number="1836"/>
						<line hits="1" number="1839"/>
						<line hits="1" number="1840"/>
						<line hits="1" number="1841"/>
						<line hits="0" number="1842"/>
						<line hits="0" number="1843"/>
						<line hits="0" number="1844"/>
						<line hits="0" number="1845"/>
						<line hits="0" number="1846"/>
						<line hits="0" number="1847"/>
						<line hits="0" number="1848"/>
						<line hits="0" number="1849"/>
						<line hits="1" number="1850"/>
						<line hits="1" number="1852"/>
						<line hits="1" number="1854"/>
						<line hits="1" number="1855"/>
						<line hits="0" number="1856"/>
						<line hits="1" number="1857"/>
						<line hits="1" number="1858"/>
						<line hits="0" number="1859"/>
						<line hits="0" number="1861"/>
						<line hits="0" number="1862"/>
						<line hits="1" number="1863"/>
						<line hits="1" number="1868"/>
						<line hits="1" number="1869"/>
						<line hits="0" number="1870"/>
						<line hits="1" number="1871"/>
						<line hits="1" number="1875"/>
						<line hits="1" number="1876"/>
						<line hits="0" number="1877"/>
						<line hits="1" number="1879"/>
						<line hits="1" number="1882"/>
						<line hits="1" number="1885"/>
						<line hits="1" number="1886"/>
						<line hits="1" number="1887"/>
						<line hits="1" number="1888"/>
						<line hits="1" number="1889"/>
						<line hits="1" number="1890"/>
						<line hits="1" number="1891"/>
						<line hits="1" number="1892"/>
						<line hits="1" number="1893"/>
						<line hits="1" number="1894"/>
						<line hits="1" number="1895"/>
						<line hits="1" number="1896"/>
						<line hits="1" number="1897"/>
						<line hits="1" number="1898"/>
						<line hits="1" number="1899"/>
						<line hits="1" number="1900"/>
						<line hits="1" number="1901"/>
						<line hits="0" number="1902"/>
						<line hits="1" number="1903"/>
						<line hits="1" number="1904"/>
						<line hits="1" number="1905"/>
						<line hits="1" number="1906"/>
						<line hits="1" number="1907"/>
						<line hits="1" number="1908"/>
						<line hits="1" number="1909"/>
						<line hits="1" number="1910"/>
						<line hits="1" number="1911"/>
						<line hits="1" number="1912"/>
						<line hits="0" number="1913"/>
						<line hits="1" number="1914"/>
						<line hits="1" number="1915"/>
						<line hits="1" number="1916"/>
						<line hits="0" number="1917"/>
						<line hits="1" number="1918"/>
						<line hits="1" number="1919"/>
						<line hits="1" number="1922"/>
						<line hits="0" number="1923"/>
						<line hits="1" number="1925"/>
						<line hits="1" number="1926"/>
						<line hits="0" number="1928"/>
						<line hits="1" number="1929"/>
						<line hits="1" number="1930"/>
						<line hits="0" number="1931"/>
						<line hits="1" number="1933"/>
						<line hits="1" number="1934"/>
						<line hits="1" number="1936"/>
						<line hits="1" number="1937"/>
						<line hits="1" number="1938"/>
						<line hits="0" number="1940"/>
						<line hits="1" number="1941"/>
						<line hits="1" number="1942"/>
						<line hits="1" number="1945"/>
						<line hits="1" number="1948"/>
						<line hits="1" number="1949"/>
						<line hits="1" number="1950"/>
						<line hits="1" number="1951"/>
						<line hits="0" number="1952"/>
						<line hits="1" number="1953"/>
						<line hits="1" number="1954"/>
						<line hits="1" number="1957"/>
						<line hits="1" number="1958"/>
						<line hits="1" number="1959"/>
						<line hits="0" number="1960"/>
						<line hits="0" number="1961"/>
						<line hits="0" number="1962"/>
						<line hits="0" number="1963"/>
						<line hits="0" number="1964"/>
						<line hits="0" number="1965"/>
						<line hits="0" number="1966"/>
						<line hits="0" number="1967"/>
						<line hits="1" number="1968"/>
						<line hits="1" number="1970"/>
						<line hits="1" number="1972"/>
						<line hits="1" number="1973"/>
						<line hits="0" number="1974"/>
						<line hits="1" number="1975"/>
						<line hits="1" number="1976"/>
						<line hits="0" number="1977"/>
						<line hits="0" number="1979"/>
						<line hits="0" number="1980"/>
						<line hits="1" number="1981"/>
						<line hits="1" number="1986"/>
						<line hits="1" number="1987"/>
						<line hits="0" number="1988"/>
						<line hits="1" number="1989"/>
						<line hits="1" number="1993"/>
						<line hits="1" number="1994"/>
						<line hits="0" number="1995"/>
						<line hits="1" number="1997"/>
						<line hits="1" number="2000"/>
						<line hits="1" number="2003"/>
						<line hits="1" number="2004"/>
						<line hits="1" number="2005"/>
						<line hits="0" number="2006"/>
						<line hits="0" number="2007"/>
						<line hits="0" number="2008"/>
						<line hits="0" number="2009"/>
						<line hits="0" number="2010"/>
						<line hits="0" number="2011"/>
						<line hits="0" number="2012"/>
						<line hits="0" number="2013"/>
						<line hits="0" number="2014"/>
						<line hits="0" number="2015"/>
						<line hits="0" number="2016"/>
						<line hits="0" number="2017"/>
						<line hits="1" number="2018"/>
						<line hits="0" number="2019"/>
						<line hits="0" number="2020"/>
						<line hits="0" number="2021"/>
						<line hits="0" number="2022"/>
						<line hits="0" number="2023"/>
						<line hits="0" number="2024"/>
						<line hits="0" number="2025"/>
						<line hits="0" number="2026"/>
						<line hits="0" number="2027"/>
						<line hits="0" number="2028"/>
						<line hits="0" number="2029"/>
						<line hits="1" number="2030"/>
						<line hits="1" number="2031"/>
						<line hits="0" number="2032"/>
						<line hits="1" number="2034"/>
						<line hits="1" number="2035"/>
						<line hits="0" number="2036"/>
						<line hits="1" number="2037"/>
						<line hits="1" number="2038"/>
						<line hits="1" number="2041"/>
						<line hits="0" number="2042"/>
						<line hits="1" number="2044"/>
						<line hits="1" number="2045"/>
						<line hits="0" number="2047"/>
						<line hits="1" number="2048"/>
						<line hits="1" number="2049"/>
						<line hits="0" number="2050"/>
						<line hits="1" number="2052"/>
						<line hits="0" number="2053"/>
						<line hits="1" number="2055"/>
						<line hits="0" number="2056"/>
						<line hits="1" number="2058"/>
						<line hits="0" number="2059"/>
						<line hits="1" number="2061"/>
						<line hits="1" number="2064"/>
						<line hits="1" number="2067"/>
						<line hits="1" number="2070"/>
						<line hits="1" number="2073"/>
						<line hits="1" number="2076"/>
						<line hits="1" number="2079"/>
						<line hits="1" number="2082"/>
						<line hits="1" number="2085"/>
						<line hits="1" number="2088"/>
						<line hits="1" number="2092"/>
						<line hits="1" number="2094"/>
						<line hits="1" number="2095"/>
						<line hits="0" number="2096"/>
						<line hits="1" number="2097"/>
						<line hits="1" number="2102"/>
						<line hits="1" number="2103"/>
						<line hits="1" number="2104"/>
						<line hits="0" number="2113"/>
						<line hits="1" number="2114"/>
						<line hits="1" number="2115"/>
						<line hits="0" number="2116"/>
						<line hits="1" number="2118"/>
						<line hits="1" number="2119"/>
						<line hits="0" number="2121"/>
						<line hits="1" number="2122"/>
						<line hits="1" number="2123"/>
						<line hits="0" number="2126"/>
						<line hits="0" number="2127"/>
						<line hits="1" number="2128"/>
						<line hits="1" number="2132"/>
						<line hits="1" number="2133"/>
						<line hits="0" number="2135"/>
						<line hits="1" number="2136"/>
						<line hits="1" number="2137"/>
						<line hits="0" number="2138"/>
						<line hits="1" number="2140"/>
						<line hits="1" number="2143"/>
						<line hits="1" number="2146"/>
						<line hits="1" number="2149"/>
						<line hits="1" number="2152"/>
						<line hits="1" number="2155"/>
						<line hits="1" number="2158"/>
						<line hits="1" number="2161"/>
						<line hits="1" number="2164"/>
						<line hits="1" number="2167"/>
						<line hits="0" number="2171"/>
						<line hits="1" number="2173"/>
						<line hits="1" number="2174"/>
						<line hits="1" number="2176"/>
						<line hits="0" number="2177"/>
						<line hits="0" number="2178"/>
						<line hits="0" number="2179"/>
						<line hits="0" number="2180"/>
						<line hits="1" number="2181"/>
						<line hits="1" number="2186"/>
						<line hits="1" number="2188"/>
						<line hits="0" number="2190"/>
						<line hits="1" number="2191"/>
						<line hits="1" number="2192"/>
						<line hits="0" number="2195"/>
						<line hits="0" number="2197"/>
						<line hits="1" number="2198"/>
						<line hits="1" number="2199"/>
						<line hits="1" number="2202"/>
						<line hits="0" number="2203"/>
						<line hits="1" number="2204"/>
						<line hits="0" number="2205"/>
						<line hits="0" number="2208"/>
						<line hits="1" number="2213"/>
						<line hits="0" number="2215"/>
						<line hits="1" number="2217"/>
						<line hits="0" number="2218"/>
						<line hits="1" number="2220"/>
						<line hits="0" number="2221"/>
						<line hits="1" number="2223"/>
						<line hits="1" number="2224"/>
						<line hits="1" number="2226"/>
						<line hits="1" number="2227"/>
						<line hits="0" number="2228"/>
						<line hits="1" number="2230"/>
						<line hits="0" number="2231"/>
						<line hits="1" number="2233"/>
						<line hits="0" number="2234"/>
						<line hits="0" number="2236"/>
						<line hits="1" number="2237"/>
						<line hits="1" number="2239"/>
						<line hits="1" number="2241"/>
						<line hits="1" number="2242"/>
						<line hits="1" number="2243"/>
						<line hits="0" number="2244"/>
						<line hits="0" number="2245"/>
						<line hits="0" number="2246"/>
						<line hits="0" number="2247"/>
					</lines>
				</class>
			</classes>
		</package>
	</packages>
</coverage>
