<?xml version="1.0" ?>
<coverage branch-rate="0" branches-covered="0" branches-valid="0" complexity="0" line-rate="0.8273" lines-covered="1226" lines-valid="1482" timestamp="1586716838593" version="5.0.4">
	<!-- Generated by coverage.py: https://coverage.readthedocs.io -->
	<!-- Based on https://raw.githubusercontent.com/cobertura/web/master/htdocs/xml/coverage-04.dtd -->
	<sources>
		<source>C:\Users\norri\Desktop\site_selection</source>
	</sources>
	<packages>
		<package branch-rate="0" complexity="0" line-rate="0.8273" name=".">
			<classes>
				<class branch-rate="0" complexity="0" filename="site_selection.py" line-rate="0.8273" name="site_selection.py">
					<methods/>
					<lines>
						<line hits="1" number="3"/>
						<line hits="1" number="4"/>
						<line hits="1" number="5"/>
						<line hits="1" number="6"/>
						<line hits="1" number="8"/>
						<line hits="1" number="11"/>
						<line hits="1" number="12"/>
						<line hits="1" number="13"/>
						<line hits="1" number="18"/>
						<line hits="1" number="19"/>
						<line hits="1" number="20"/>
						<line hits="1" number="23"/>
						<line hits="1" number="24"/>
						<line hits="1" number="25"/>
						<line hits="1" number="26"/>
						<line hits="1" number="27"/>
						<line hits="1" number="28"/>
						<line hits="1" number="29"/>
						<line hits="1" number="30"/>
						<line hits="1" number="31"/>
						<line hits="1" number="33"/>
						<line hits="1" number="37"/>
						<line hits="1" number="38"/>
						<line hits="1" number="39"/>
						<line hits="1" number="41"/>
						<line hits="1" number="42"/>
						<line hits="1" number="43"/>
						<line hits="1" number="47"/>
						<line hits="1" number="48"/>
						<line hits="1" number="57"/>
						<line hits="1" number="60"/>
						<line hits="1" number="61"/>
						<line hits="1" number="64"/>
						<line hits="1" number="83"/>
						<line hits="1" number="86"/>
						<line hits="1" number="91"/>
						<line hits="1" number="92"/>
						<line hits="1" number="93"/>
						<line hits="1" number="94"/>
						<line hits="1" number="95"/>
						<line hits="0" number="96"/>
						<line hits="1" number="97"/>
						<line hits="1" number="98"/>
						<line hits="0" number="99"/>
						<line hits="0" number="100"/>
						<line hits="1" number="101"/>
						<line hits="1" number="104"/>
						<line hits="1" number="105"/>
						<line hits="1" number="106"/>
						<line hits="0" number="107"/>
						<line hits="1" number="108"/>
						<line hits="1" number="109"/>
						<line hits="1" number="110"/>
						<line hits="1" number="111"/>
						<line hits="1" number="112"/>
						<line hits="1" number="113"/>
						<line hits="1" number="114"/>
						<line hits="1" number="117"/>
						<line hits="1" number="137"/>
						<line hits="1" number="138"/>
						<line hits="1" number="139"/>
						<line hits="1" number="142"/>
						<line hits="1" number="143"/>
						<line hits="1" number="144"/>
						<line hits="0" number="145"/>
						<line hits="1" number="146"/>
						<line hits="1" number="147"/>
						<line hits="1" number="148"/>
						<line hits="1" number="149"/>
						<line hits="1" number="150"/>
						<line hits="1" number="151"/>
						<line hits="1" number="152"/>
						<line hits="1" number="155"/>
						<line hits="1" number="156"/>
						<line hits="1" number="157"/>
						<line hits="0" number="158"/>
						<line hits="1" number="159"/>
						<line hits="0" number="160"/>
						<line hits="1" number="161"/>
						<line hits="1" number="162"/>
						<line hits="0" number="163"/>
						<line hits="0" number="164"/>
						<line hits="1" number="165"/>
						<line hits="1" number="168"/>
						<line hits="1" number="169"/>
						<line hits="1" number="170"/>
						<line hits="1" number="171"/>
						<line hits="1" number="172"/>
						<line hits="1" number="173"/>
						<line hits="1" number="174"/>
						<line hits="1" number="175"/>
						<line hits="1" number="176"/>
						<line hits="1" number="177"/>
						<line hits="1" number="178"/>
						<line hits="1" number="179"/>
						<line hits="1" number="180"/>
						<line hits="1" number="181"/>
						<line hits="1" number="182"/>
						<line hits="1" number="183"/>
						<line hits="1" number="184"/>
						<line hits="1" number="185"/>
						<line hits="1" number="186"/>
						<line hits="1" number="187"/>
						<line hits="1" number="188"/>
						<line hits="1" number="189"/>
						<line hits="1" number="190"/>
						<line hits="1" number="191"/>
						<line hits="1" number="194"/>
						<line hits="1" number="195"/>
						<line hits="1" number="196"/>
						<line hits="1" number="197"/>
						<line hits="1" number="198"/>
						<line hits="1" number="199"/>
						<line hits="1" number="200"/>
						<line hits="1" number="201"/>
						<line hits="1" number="202"/>
						<line hits="1" number="203"/>
						<line hits="1" number="204"/>
						<line hits="1" number="205"/>
						<line hits="1" number="206"/>
						<line hits="1" number="207"/>
						<line hits="1" number="208"/>
						<line hits="1" number="209"/>
						<line hits="1" number="210"/>
						<line hits="1" number="211"/>
						<line hits="1" number="212"/>
						<line hits="1" number="213"/>
						<line hits="1" number="214"/>
						<line hits="1" number="215"/>
						<line hits="1" number="216"/>
						<line hits="1" number="217"/>
						<line hits="1" number="223"/>
						<line hits="1" number="224"/>
						<line hits="1" number="225"/>
						<line hits="1" number="226"/>
						<line hits="1" number="229"/>
						<line hits="0" number="230"/>
						<line hits="1" number="231"/>
						<line hits="1" number="232"/>
						<line hits="0" number="234"/>
						<line hits="1" number="235"/>
						<line hits="1" number="238"/>
						<line hits="1" number="239"/>
						<line hits="1" number="240"/>
						<line hits="1" number="241"/>
						<line hits="1" number="244"/>
						<line hits="1" number="245"/>
						<line hits="1" number="246"/>
						<line hits="1" number="247"/>
						<line hits="0" number="249"/>
						<line hits="1" number="250"/>
						<line hits="1" number="253"/>
						<line hits="1" number="254"/>
						<line hits="1" number="255"/>
						<line hits="1" number="256"/>
						<line hits="1" number="259"/>
						<line hits="1" number="260"/>
						<line hits="1" number="261"/>
						<line hits="1" number="262"/>
						<line hits="0" number="264"/>
						<line hits="1" number="265"/>
						<line hits="1" number="268"/>
						<line hits="1" number="269"/>
						<line hits="1" number="270"/>
						<line hits="1" number="271"/>
						<line hits="1" number="274"/>
						<line hits="1" number="275"/>
						<line hits="1" number="276"/>
						<line hits="1" number="277"/>
						<line hits="0" number="279"/>
						<line hits="1" number="280"/>
						<line hits="1" number="283"/>
						<line hits="1" number="284"/>
						<line hits="1" number="285"/>
						<line hits="1" number="286"/>
						<line hits="1" number="289"/>
						<line hits="1" number="290"/>
						<line hits="1" number="291"/>
						<line hits="1" number="292"/>
						<line hits="0" number="294"/>
						<line hits="1" number="295"/>
						<line hits="1" number="298"/>
						<line hits="1" number="299"/>
						<line hits="1" number="300"/>
						<line hits="1" number="301"/>
						<line hits="1" number="304"/>
						<line hits="1" number="305"/>
						<line hits="1" number="306"/>
						<line hits="1" number="307"/>
						<line hits="0" number="309"/>
						<line hits="1" number="310"/>
						<line hits="1" number="313"/>
						<line hits="1" number="314"/>
						<line hits="1" number="315"/>
						<line hits="1" number="316"/>
						<line hits="1" number="319"/>
						<line hits="1" number="320"/>
						<line hits="1" number="321"/>
						<line hits="1" number="322"/>
						<line hits="0" number="324"/>
						<line hits="1" number="325"/>
						<line hits="1" number="328"/>
						<line hits="1" number="329"/>
						<line hits="1" number="330"/>
						<line hits="1" number="331"/>
						<line hits="1" number="334"/>
						<line hits="1" number="335"/>
						<line hits="1" number="336"/>
						<line hits="1" number="337"/>
						<line hits="0" number="339"/>
						<line hits="1" number="340"/>
						<line hits="1" number="343"/>
						<line hits="1" number="344"/>
						<line hits="1" number="345"/>
						<line hits="1" number="346"/>
						<line hits="1" number="349"/>
						<line hits="1" number="350"/>
						<line hits="1" number="351"/>
						<line hits="1" number="352"/>
						<line hits="0" number="354"/>
						<line hits="1" number="355"/>
						<line hits="1" number="358"/>
						<line hits="1" number="359"/>
						<line hits="1" number="360"/>
						<line hits="1" number="361"/>
						<line hits="1" number="364"/>
						<line hits="1" number="365"/>
						<line hits="1" number="366"/>
						<line hits="1" number="367"/>
						<line hits="0" number="369"/>
						<line hits="1" number="370"/>
						<line hits="1" number="379"/>
						<line hits="1" number="380"/>
						<line hits="1" number="381"/>
						<line hits="1" number="382"/>
						<line hits="1" number="385"/>
						<line hits="0" number="386"/>
						<line hits="1" number="387"/>
						<line hits="1" number="388"/>
						<line hits="0" number="390"/>
						<line hits="1" number="391"/>
						<line hits="1" number="394"/>
						<line hits="1" number="395"/>
						<line hits="1" number="396"/>
						<line hits="1" number="397"/>
						<line hits="1" number="400"/>
						<line hits="0" number="401"/>
						<line hits="1" number="402"/>
						<line hits="1" number="403"/>
						<line hits="0" number="405"/>
						<line hits="1" number="406"/>
						<line hits="1" number="409"/>
						<line hits="1" number="410"/>
						<line hits="1" number="411"/>
						<line hits="1" number="412"/>
						<line hits="1" number="415"/>
						<line hits="1" number="416"/>
						<line hits="1" number="417"/>
						<line hits="1" number="418"/>
						<line hits="0" number="420"/>
						<line hits="1" number="421"/>
						<line hits="1" number="424"/>
						<line hits="1" number="425"/>
						<line hits="1" number="426"/>
						<line hits="1" number="427"/>
						<line hits="1" number="430"/>
						<line hits="1" number="431"/>
						<line hits="1" number="432"/>
						<line hits="1" number="433"/>
						<line hits="0" number="435"/>
						<line hits="1" number="436"/>
						<line hits="1" number="439"/>
						<line hits="1" number="440"/>
						<line hits="1" number="441"/>
						<line hits="1" number="442"/>
						<line hits="1" number="445"/>
						<line hits="1" number="446"/>
						<line hits="1" number="447"/>
						<line hits="1" number="448"/>
						<line hits="0" number="450"/>
						<line hits="1" number="451"/>
						<line hits="1" number="454"/>
						<line hits="1" number="455"/>
						<line hits="1" number="456"/>
						<line hits="1" number="457"/>
						<line hits="1" number="460"/>
						<line hits="1" number="461"/>
						<line hits="0" number="462"/>
						<line hits="0" number="463"/>
						<line hits="0" number="465"/>
						<line hits="1" number="466"/>
						<line hits="1" number="469"/>
						<line hits="1" number="470"/>
						<line hits="1" number="471"/>
						<line hits="1" number="472"/>
						<line hits="1" number="475"/>
						<line hits="1" number="476"/>
						<line hits="0" number="477"/>
						<line hits="0" number="478"/>
						<line hits="0" number="480"/>
						<line hits="1" number="481"/>
						<line hits="1" number="484"/>
						<line hits="1" number="485"/>
						<line hits="1" number="486"/>
						<line hits="1" number="487"/>
						<line hits="1" number="490"/>
						<line hits="1" number="491"/>
						<line hits="0" number="492"/>
						<line hits="0" number="493"/>
						<line hits="0" number="495"/>
						<line hits="1" number="496"/>
						<line hits="1" number="499"/>
						<line hits="1" number="500"/>
						<line hits="1" number="501"/>
						<line hits="1" number="502"/>
						<line hits="1" number="505"/>
						<line hits="1" number="506"/>
						<line hits="0" number="507"/>
						<line hits="0" number="508"/>
						<line hits="0" number="510"/>
						<line hits="1" number="511"/>
						<line hits="1" number="514"/>
						<line hits="1" number="515"/>
						<line hits="1" number="516"/>
						<line hits="1" number="517"/>
						<line hits="1" number="520"/>
						<line hits="1" number="521"/>
						<line hits="0" number="522"/>
						<line hits="0" number="523"/>
						<line hits="0" number="525"/>
						<line hits="1" number="526"/>
						<line hits="1" number="529"/>
						<line hits="0" number="530"/>
						<line hits="0" number="531"/>
						<line hits="0" number="532"/>
						<line hits="0" number="533"/>
						<line hits="0" number="534"/>
						<line hits="0" number="535"/>
						<line hits="0" number="536"/>
						<line hits="0" number="537"/>
						<line hits="1" number="547"/>
						<line hits="1" number="548"/>
						<line hits="1" number="549"/>
						<line hits="1" number="550"/>
						<line hits="1" number="551"/>
						<line hits="1" number="552"/>
						<line hits="1" number="553"/>
						<line hits="1" number="554"/>
						<line hits="1" number="555"/>
						<line hits="1" number="565"/>
						<line hits="1" number="566"/>
						<line hits="1" number="567"/>
						<line hits="1" number="568"/>
						<line hits="1" number="569"/>
						<line hits="1" number="570"/>
						<line hits="1" number="571"/>
						<line hits="1" number="572"/>
						<line hits="1" number="573"/>
						<line hits="1" number="583"/>
						<line hits="1" number="584"/>
						<line hits="1" number="585"/>
						<line hits="1" number="586"/>
						<line hits="1" number="587"/>
						<line hits="1" number="588"/>
						<line hits="1" number="589"/>
						<line hits="1" number="590"/>
						<line hits="1" number="591"/>
						<line hits="1" number="601"/>
						<line hits="1" number="602"/>
						<line hits="1" number="603"/>
						<line hits="1" number="604"/>
						<line hits="1" number="605"/>
						<line hits="1" number="606"/>
						<line hits="1" number="607"/>
						<line hits="1" number="608"/>
						<line hits="1" number="609"/>
						<line hits="1" number="617"/>
						<line hits="1" number="620"/>
						<line hits="1" number="621"/>
						<line hits="1" number="622"/>
						<line hits="1" number="623"/>
						<line hits="1" number="624"/>
						<line hits="1" number="625"/>
						<line hits="1" number="626"/>
						<line hits="1" number="627"/>
						<line hits="1" number="628"/>
						<line hits="1" number="636"/>
						<line hits="1" number="639"/>
						<line hits="1" number="640"/>
						<line hits="1" number="641"/>
						<line hits="1" number="642"/>
						<line hits="1" number="643"/>
						<line hits="1" number="644"/>
						<line hits="1" number="645"/>
						<line hits="1" number="646"/>
						<line hits="1" number="647"/>
						<line hits="1" number="657"/>
						<line hits="1" number="658"/>
						<line hits="1" number="659"/>
						<line hits="1" number="660"/>
						<line hits="1" number="661"/>
						<line hits="1" number="662"/>
						<line hits="1" number="663"/>
						<line hits="1" number="664"/>
						<line hits="1" number="665"/>
						<line hits="1" number="675"/>
						<line hits="1" number="676"/>
						<line hits="1" number="677"/>
						<line hits="1" number="678"/>
						<line hits="1" number="679"/>
						<line hits="1" number="680"/>
						<line hits="1" number="681"/>
						<line hits="1" number="682"/>
						<line hits="1" number="683"/>
						<line hits="1" number="693"/>
						<line hits="1" number="694"/>
						<line hits="1" number="695"/>
						<line hits="1" number="696"/>
						<line hits="1" number="697"/>
						<line hits="1" number="698"/>
						<line hits="1" number="699"/>
						<line hits="1" number="700"/>
						<line hits="1" number="701"/>
						<line hits="1" number="711"/>
						<line hits="1" number="712"/>
						<line hits="1" number="713"/>
						<line hits="1" number="714"/>
						<line hits="1" number="715"/>
						<line hits="1" number="718"/>
						<line hits="1" number="720"/>
						<line hits="1" number="730"/>
						<line hits="1" number="735"/>
						<line hits="1" number="736"/>
						<line hits="1" number="737"/>
						<line hits="1" number="738"/>
						<line hits="1" number="740"/>
						<line hits="1" number="741"/>
						<line hits="1" number="742"/>
						<line hits="1" number="745"/>
						<line hits="1" number="746"/>
						<line hits="1" number="747"/>
						<line hits="1" number="750"/>
						<line hits="1" number="751"/>
						<line hits="1" number="753"/>
						<line hits="1" number="756"/>
						<line hits="1" number="759"/>
						<line hits="1" number="762"/>
						<line hits="1" number="765"/>
						<line hits="1" number="768"/>
						<line hits="1" number="771"/>
						<line hits="1" number="774"/>
						<line hits="1" number="777"/>
						<line hits="1" number="780"/>
						<line hits="1" number="784"/>
						<line hits="1" number="787"/>
						<line hits="1" number="788"/>
						<line hits="1" number="789"/>
						<line hits="1" number="790"/>
						<line hits="1" number="792"/>
						<line hits="1" number="793"/>
						<line hits="1" number="794"/>
						<line hits="1" number="795"/>
						<line hits="1" number="796"/>
						<line hits="1" number="797"/>
						<line hits="1" number="798"/>
						<line hits="1" number="799"/>
						<line hits="1" number="800"/>
						<line hits="1" number="801"/>
						<line hits="1" number="803"/>
						<line hits="1" number="816"/>
						<line hits="1" number="818"/>
						<line hits="1" number="820"/>
						<line hits="1" number="821"/>
						<line hits="1" number="822"/>
						<line hits="1" number="823"/>
						<line hits="1" number="825"/>
						<line hits="1" number="830"/>
						<line hits="1" number="831"/>
						<line hits="1" number="844"/>
						<line hits="1" number="845"/>
						<line hits="1" number="846"/>
						<line hits="1" number="847"/>
						<line hits="1" number="848"/>
						<line hits="1" number="849"/>
						<line hits="1" number="850"/>
						<line hits="1" number="852"/>
						<line hits="0" number="853"/>
						<line hits="0" number="854"/>
						<line hits="0" number="857"/>
						<line hits="0" number="860"/>
						<line hits="0" number="861"/>
						<line hits="0" number="862"/>
						<line hits="0" number="863"/>
						<line hits="0" number="864"/>
						<line hits="0" number="865"/>
						<line hits="0" number="866"/>
						<line hits="0" number="869"/>
						<line hits="0" number="870"/>
						<line hits="0" number="871"/>
						<line hits="0" number="872"/>
						<line hits="0" number="873"/>
						<line hits="0" number="874"/>
						<line hits="0" number="875"/>
						<line hits="0" number="876"/>
						<line hits="0" number="877"/>
						<line hits="0" number="878"/>
						<line hits="0" number="879"/>
						<line hits="0" number="880"/>
						<line hits="0" number="882"/>
						<line hits="1" number="884"/>
						<line hits="0" number="885"/>
						<line hits="0" number="886"/>
						<line hits="0" number="887"/>
						<line hits="0" number="888"/>
						<line hits="0" number="889"/>
						<line hits="0" number="890"/>
						<line hits="0" number="891"/>
						<line hits="0" number="892"/>
						<line hits="0" number="897"/>
						<line hits="0" number="898"/>
						<line hits="0" number="899"/>
						<line hits="0" number="900"/>
						<line hits="0" number="904"/>
						<line hits="0" number="905"/>
						<line hits="0" number="906"/>
						<line hits="0" number="908"/>
						<line hits="0" number="911"/>
						<line hits="0" number="914"/>
						<line hits="0" number="915"/>
						<line hits="0" number="916"/>
						<line hits="0" number="917"/>
						<line hits="0" number="918"/>
						<line hits="0" number="919"/>
						<line hits="0" number="920"/>
						<line hits="0" number="921"/>
						<line hits="0" number="922"/>
						<line hits="0" number="923"/>
						<line hits="0" number="924"/>
						<line hits="0" number="925"/>
						<line hits="0" number="926"/>
						<line hits="0" number="927"/>
						<line hits="0" number="928"/>
						<line hits="0" number="929"/>
						<line hits="0" number="930"/>
						<line hits="0" number="931"/>
						<line hits="0" number="932"/>
						<line hits="0" number="933"/>
						<line hits="0" number="934"/>
						<line hits="0" number="935"/>
						<line hits="0" number="936"/>
						<line hits="0" number="937"/>
						<line hits="0" number="938"/>
						<line hits="0" number="939"/>
						<line hits="0" number="940"/>
						<line hits="0" number="941"/>
						<line hits="0" number="942"/>
						<line hits="0" number="943"/>
						<line hits="0" number="944"/>
						<line hits="0" number="945"/>
						<line hits="0" number="946"/>
						<line hits="0" number="947"/>
						<line hits="0" number="948"/>
						<line hits="0" number="951"/>
						<line hits="0" number="952"/>
						<line hits="1" number="954"/>
						<line hits="1" number="955"/>
						<line hits="1" number="956"/>
						<line hits="1" number="958"/>
						<line hits="1" number="959"/>
						<line hits="1" number="960"/>
						<line hits="1" number="961"/>
						<line hits="1" number="963"/>
						<line hits="1" number="964"/>
						<line hits="1" number="965"/>
						<line hits="1" number="967"/>
						<line hits="1" number="968"/>
						<line hits="1" number="969"/>
						<line hits="1" number="972"/>
						<line hits="1" number="975"/>
						<line hits="1" number="976"/>
						<line hits="1" number="977"/>
						<line hits="1" number="978"/>
						<line hits="1" number="979"/>
						<line hits="1" number="980"/>
						<line hits="1" number="981"/>
						<line hits="1" number="984"/>
						<line hits="1" number="985"/>
						<line hits="0" number="986"/>
						<line hits="0" number="987"/>
						<line hits="0" number="988"/>
						<line hits="0" number="989"/>
						<line hits="0" number="990"/>
						<line hits="1" number="991"/>
						<line hits="1" number="992"/>
						<line hits="1" number="993"/>
						<line hits="1" number="994"/>
						<line hits="1" number="995"/>
						<line hits="0" number="997"/>
						<line hits="1" number="999"/>
						<line hits="1" number="1000"/>
						<line hits="1" number="1001"/>
						<line hits="1" number="1002"/>
						<line hits="1" number="1003"/>
						<line hits="1" number="1004"/>
						<line hits="1" number="1005"/>
						<line hits="1" number="1006"/>
						<line hits="1" number="1007"/>
						<line hits="1" number="1012"/>
						<line hits="1" number="1013"/>
						<line hits="1" number="1014"/>
						<line hits="1" number="1015"/>
						<line hits="1" number="1019"/>
						<line hits="1" number="1020"/>
						<line hits="1" number="1021"/>
						<line hits="1" number="1023"/>
						<line hits="1" number="1026"/>
						<line hits="1" number="1029"/>
						<line hits="1" number="1030"/>
						<line hits="1" number="1031"/>
						<line hits="1" number="1032"/>
						<line hits="0" number="1033"/>
						<line hits="0" number="1034"/>
						<line hits="0" number="1035"/>
						<line hits="1" number="1036"/>
						<line hits="1" number="1037"/>
						<line hits="1" number="1038"/>
						<line hits="1" number="1039"/>
						<line hits="1" number="1040"/>
						<line hits="1" number="1041"/>
						<line hits="1" number="1042"/>
						<line hits="1" number="1043"/>
						<line hits="1" number="1044"/>
						<line hits="1" number="1045"/>
						<line hits="0" number="1046"/>
						<line hits="0" number="1047"/>
						<line hits="1" number="1048"/>
						<line hits="0" number="1049"/>
						<line hits="0" number="1050"/>
						<line hits="0" number="1051"/>
						<line hits="0" number="1052"/>
						<line hits="0" number="1053"/>
						<line hits="0" number="1054"/>
						<line hits="0" number="1055"/>
						<line hits="0" number="1056"/>
						<line hits="0" number="1057"/>
						<line hits="0" number="1058"/>
						<line hits="1" number="1059"/>
						<line hits="1" number="1060"/>
						<line hits="0" number="1061"/>
						<line hits="1" number="1062"/>
						<line hits="1" number="1063"/>
						<line hits="1" number="1066"/>
						<line hits="1" number="1067"/>
						<line hits="0" number="1068"/>
						<line hits="0" number="1069"/>
						<line hits="1" number="1071"/>
						<line hits="1" number="1073"/>
						<line hits="1" number="1074"/>
						<line hits="1" number="1076"/>
						<line hits="1" number="1079"/>
						<line hits="1" number="1080"/>
						<line hits="1" number="1081"/>
						<line hits="1" number="1082"/>
						<line hits="1" number="1084"/>
						<line hits="1" number="1085"/>
						<line hits="1" number="1086"/>
						<line hits="1" number="1088"/>
						<line hits="1" number="1089"/>
						<line hits="1" number="1090"/>
						<line hits="1" number="1093"/>
						<line hits="1" number="1096"/>
						<line hits="1" number="1097"/>
						<line hits="1" number="1098"/>
						<line hits="1" number="1099"/>
						<line hits="1" number="1100"/>
						<line hits="1" number="1101"/>
						<line hits="1" number="1102"/>
						<line hits="1" number="1105"/>
						<line hits="1" number="1106"/>
						<line hits="1" number="1107"/>
						<line hits="1" number="1108"/>
						<line hits="1" number="1109"/>
						<line hits="1" number="1110"/>
						<line hits="1" number="1111"/>
						<line hits="0" number="1112"/>
						<line hits="0" number="1113"/>
						<line hits="0" number="1114"/>
						<line hits="0" number="1115"/>
						<line hits="0" number="1116"/>
						<line hits="0" number="1118"/>
						<line hits="1" number="1120"/>
						<line hits="1" number="1121"/>
						<line hits="1" number="1122"/>
						<line hits="1" number="1123"/>
						<line hits="1" number="1124"/>
						<line hits="1" number="1125"/>
						<line hits="1" number="1127"/>
						<line hits="1" number="1128"/>
						<line hits="1" number="1129"/>
						<line hits="1" number="1134"/>
						<line hits="1" number="1135"/>
						<line hits="1" number="1136"/>
						<line hits="1" number="1137"/>
						<line hits="1" number="1141"/>
						<line hits="1" number="1142"/>
						<line hits="1" number="1143"/>
						<line hits="1" number="1145"/>
						<line hits="1" number="1148"/>
						<line hits="1" number="1151"/>
						<line hits="1" number="1152"/>
						<line hits="1" number="1153"/>
						<line hits="1" number="1154"/>
						<line hits="0" number="1155"/>
						<line hits="0" number="1156"/>
						<line hits="0" number="1157"/>
						<line hits="1" number="1158"/>
						<line hits="1" number="1159"/>
						<line hits="1" number="1160"/>
						<line hits="1" number="1161"/>
						<line hits="1" number="1162"/>
						<line hits="1" number="1163"/>
						<line hits="1" number="1164"/>
						<line hits="1" number="1165"/>
						<line hits="1" number="1166"/>
						<line hits="1" number="1167"/>
						<line hits="1" number="1168"/>
						<line hits="1" number="1169"/>
						<line hits="1" number="1170"/>
						<line hits="1" number="1171"/>
						<line hits="0" number="1172"/>
						<line hits="1" number="1173"/>
						<line hits="1" number="1174"/>
						<line hits="1" number="1175"/>
						<line hits="1" number="1176"/>
						<line hits="1" number="1177"/>
						<line hits="1" number="1178"/>
						<line hits="1" number="1179"/>
						<line hits="1" number="1180"/>
						<line hits="1" number="1181"/>
						<line hits="1" number="1182"/>
						<line hits="0" number="1183"/>
						<line hits="1" number="1184"/>
						<line hits="1" number="1185"/>
						<line hits="1" number="1188"/>
						<line hits="1" number="1189"/>
						<line hits="0" number="1190"/>
						<line hits="0" number="1191"/>
						<line hits="1" number="1193"/>
						<line hits="1" number="1195"/>
						<line hits="1" number="1196"/>
						<line hits="1" number="1198"/>
						<line hits="1" number="1199"/>
						<line hits="1" number="1201"/>
						<line hits="1" number="1202"/>
						<line hits="1" number="1203"/>
						<line hits="1" number="1204"/>
						<line hits="1" number="1206"/>
						<line hits="1" number="1207"/>
						<line hits="1" number="1208"/>
						<line hits="1" number="1210"/>
						<line hits="1" number="1211"/>
						<line hits="1" number="1212"/>
						<line hits="1" number="1215"/>
						<line hits="1" number="1218"/>
						<line hits="1" number="1219"/>
						<line hits="1" number="1220"/>
						<line hits="1" number="1221"/>
						<line hits="1" number="1222"/>
						<line hits="1" number="1223"/>
						<line hits="1" number="1224"/>
						<line hits="1" number="1227"/>
						<line hits="1" number="1228"/>
						<line hits="1" number="1229"/>
						<line hits="1" number="1230"/>
						<line hits="1" number="1231"/>
						<line hits="1" number="1232"/>
						<line hits="1" number="1233"/>
						<line hits="0" number="1234"/>
						<line hits="0" number="1235"/>
						<line hits="0" number="1236"/>
						<line hits="0" number="1237"/>
						<line hits="0" number="1238"/>
						<line hits="0" number="1240"/>
						<line hits="1" number="1242"/>
						<line hits="1" number="1243"/>
						<line hits="1" number="1244"/>
						<line hits="1" number="1245"/>
						<line hits="1" number="1246"/>
						<line hits="1" number="1247"/>
						<line hits="1" number="1248"/>
						<line hits="1" number="1249"/>
						<line hits="1" number="1250"/>
						<line hits="1" number="1255"/>
						<line hits="1" number="1256"/>
						<line hits="1" number="1257"/>
						<line hits="1" number="1258"/>
						<line hits="1" number="1262"/>
						<line hits="1" number="1263"/>
						<line hits="1" number="1264"/>
						<line hits="1" number="1265"/>
						<line hits="1" number="1268"/>
						<line hits="1" number="1271"/>
						<line hits="1" number="1272"/>
						<line hits="1" number="1273"/>
						<line hits="1" number="1274"/>
						<line hits="0" number="1275"/>
						<line hits="0" number="1276"/>
						<line hits="0" number="1277"/>
						<line hits="1" number="1278"/>
						<line hits="1" number="1279"/>
						<line hits="1" number="1280"/>
						<line hits="1" number="1281"/>
						<line hits="1" number="1282"/>
						<line hits="1" number="1283"/>
						<line hits="1" number="1284"/>
						<line hits="1" number="1285"/>
						<line hits="1" number="1286"/>
						<line hits="1" number="1287"/>
						<line hits="1" number="1288"/>
						<line hits="1" number="1289"/>
						<line hits="1" number="1290"/>
						<line hits="1" number="1291"/>
						<line hits="0" number="1292"/>
						<line hits="1" number="1293"/>
						<line hits="1" number="1294"/>
						<line hits="1" number="1295"/>
						<line hits="1" number="1296"/>
						<line hits="1" number="1297"/>
						<line hits="1" number="1298"/>
						<line hits="1" number="1299"/>
						<line hits="1" number="1300"/>
						<line hits="1" number="1301"/>
						<line hits="1" number="1302"/>
						<line hits="0" number="1303"/>
						<line hits="1" number="1304"/>
						<line hits="1" number="1305"/>
						<line hits="1" number="1308"/>
						<line hits="1" number="1309"/>
						<line hits="1" number="1312"/>
						<line hits="1" number="1313"/>
						<line hits="1" number="1314"/>
						<line hits="1" number="1315"/>
						<line hits="1" number="1316"/>
						<line hits="1" number="1318"/>
						<line hits="1" number="1319"/>
						<line hits="1" number="1320"/>
						<line hits="1" number="1321"/>
						<line hits="1" number="1323"/>
						<line hits="1" number="1324"/>
						<line hits="1" number="1325"/>
						<line hits="1" number="1327"/>
						<line hits="1" number="1328"/>
						<line hits="1" number="1329"/>
						<line hits="1" number="1332"/>
						<line hits="1" number="1335"/>
						<line hits="1" number="1336"/>
						<line hits="1" number="1337"/>
						<line hits="1" number="1338"/>
						<line hits="1" number="1339"/>
						<line hits="1" number="1340"/>
						<line hits="1" number="1341"/>
						<line hits="1" number="1344"/>
						<line hits="1" number="1345"/>
						<line hits="1" number="1346"/>
						<line hits="1" number="1347"/>
						<line hits="1" number="1348"/>
						<line hits="1" number="1349"/>
						<line hits="1" number="1350"/>
						<line hits="0" number="1351"/>
						<line hits="0" number="1352"/>
						<line hits="0" number="1353"/>
						<line hits="0" number="1354"/>
						<line hits="0" number="1355"/>
						<line hits="0" number="1357"/>
						<line hits="1" number="1359"/>
						<line hits="1" number="1360"/>
						<line hits="1" number="1361"/>
						<line hits="1" number="1362"/>
						<line hits="1" number="1363"/>
						<line hits="1" number="1364"/>
						<line hits="1" number="1365"/>
						<line hits="1" number="1366"/>
						<line hits="1" number="1367"/>
						<line hits="1" number="1372"/>
						<line hits="1" number="1373"/>
						<line hits="1" number="1374"/>
						<line hits="1" number="1375"/>
						<line hits="1" number="1379"/>
						<line hits="1" number="1380"/>
						<line hits="1" number="1381"/>
						<line hits="1" number="1383"/>
						<line hits="1" number="1386"/>
						<line hits="1" number="1389"/>
						<line hits="1" number="1390"/>
						<line hits="1" number="1391"/>
						<line hits="1" number="1392"/>
						<line hits="0" number="1393"/>
						<line hits="0" number="1394"/>
						<line hits="0" number="1395"/>
						<line hits="1" number="1396"/>
						<line hits="1" number="1397"/>
						<line hits="1" number="1398"/>
						<line hits="1" number="1399"/>
						<line hits="1" number="1400"/>
						<line hits="1" number="1401"/>
						<line hits="1" number="1402"/>
						<line hits="1" number="1403"/>
						<line hits="1" number="1404"/>
						<line hits="1" number="1405"/>
						<line hits="1" number="1406"/>
						<line hits="1" number="1407"/>
						<line hits="1" number="1408"/>
						<line hits="1" number="1409"/>
						<line hits="0" number="1410"/>
						<line hits="1" number="1411"/>
						<line hits="1" number="1412"/>
						<line hits="1" number="1413"/>
						<line hits="1" number="1414"/>
						<line hits="1" number="1415"/>
						<line hits="1" number="1416"/>
						<line hits="1" number="1417"/>
						<line hits="1" number="1418"/>
						<line hits="1" number="1419"/>
						<line hits="1" number="1420"/>
						<line hits="0" number="1421"/>
						<line hits="1" number="1422"/>
						<line hits="1" number="1423"/>
						<line hits="1" number="1426"/>
						<line hits="1" number="1427"/>
						<line hits="1" number="1429"/>
						<line hits="1" number="1430"/>
						<line hits="1" number="1431"/>
						<line hits="1" number="1432"/>
						<line hits="1" number="1434"/>
						<line hits="1" number="1435"/>
						<line hits="1" number="1436"/>
						<line hits="1" number="1437"/>
						<line hits="1" number="1439"/>
						<line hits="1" number="1440"/>
						<line hits="1" number="1441"/>
						<line hits="1" number="1443"/>
						<line hits="1" number="1444"/>
						<line hits="1" number="1445"/>
						<line hits="1" number="1448"/>
						<line hits="1" number="1451"/>
						<line hits="1" number="1452"/>
						<line hits="1" number="1453"/>
						<line hits="1" number="1454"/>
						<line hits="1" number="1455"/>
						<line hits="1" number="1456"/>
						<line hits="1" number="1457"/>
						<line hits="1" number="1460"/>
						<line hits="1" number="1461"/>
						<line hits="1" number="1462"/>
						<line hits="1" number="1463"/>
						<line hits="1" number="1464"/>
						<line hits="1" number="1465"/>
						<line hits="1" number="1466"/>
						<line hits="0" number="1467"/>
						<line hits="0" number="1468"/>
						<line hits="0" number="1469"/>
						<line hits="0" number="1470"/>
						<line hits="0" number="1471"/>
						<line hits="0" number="1473"/>
						<line hits="1" number="1475"/>
						<line hits="1" number="1476"/>
						<line hits="1" number="1477"/>
						<line hits="1" number="1478"/>
						<line hits="1" number="1479"/>
						<line hits="1" number="1480"/>
						<line hits="1" number="1481"/>
						<line hits="1" number="1482"/>
						<line hits="1" number="1483"/>
						<line hits="1" number="1488"/>
						<line hits="1" number="1489"/>
						<line hits="1" number="1490"/>
						<line hits="1" number="1491"/>
						<line hits="1" number="1495"/>
						<line hits="1" number="1496"/>
						<line hits="1" number="1497"/>
						<line hits="1" number="1499"/>
						<line hits="1" number="1502"/>
						<line hits="1" number="1505"/>
						<line hits="1" number="1506"/>
						<line hits="1" number="1507"/>
						<line hits="1" number="1508"/>
						<line hits="0" number="1509"/>
						<line hits="0" number="1510"/>
						<line hits="0" number="1511"/>
						<line hits="1" number="1512"/>
						<line hits="1" number="1513"/>
						<line hits="1" number="1514"/>
						<line hits="1" number="1515"/>
						<line hits="1" number="1516"/>
						<line hits="1" number="1517"/>
						<line hits="1" number="1518"/>
						<line hits="1" number="1519"/>
						<line hits="1" number="1520"/>
						<line hits="1" number="1521"/>
						<line hits="1" number="1522"/>
						<line hits="1" number="1523"/>
						<line hits="1" number="1524"/>
						<line hits="1" number="1525"/>
						<line hits="0" number="1526"/>
						<line hits="1" number="1527"/>
						<line hits="1" number="1528"/>
						<line hits="1" number="1529"/>
						<line hits="1" number="1530"/>
						<line hits="1" number="1531"/>
						<line hits="1" number="1532"/>
						<line hits="1" number="1533"/>
						<line hits="1" number="1534"/>
						<line hits="1" number="1535"/>
						<line hits="1" number="1536"/>
						<line hits="0" number="1537"/>
						<line hits="1" number="1538"/>
						<line hits="1" number="1539"/>
						<line hits="1" number="1542"/>
						<line hits="1" number="1543"/>
						<line hits="1" number="1545"/>
						<line hits="1" number="1546"/>
						<line hits="1" number="1547"/>
						<line hits="1" number="1548"/>
						<line hits="1" number="1550"/>
						<line hits="1" number="1551"/>
						<line hits="1" number="1552"/>
						<line hits="1" number="1553"/>
						<line hits="1" number="1555"/>
						<line hits="1" number="1556"/>
						<line hits="1" number="1557"/>
						<line hits="1" number="1559"/>
						<line hits="1" number="1560"/>
						<line hits="1" number="1561"/>
						<line hits="1" number="1564"/>
						<line hits="1" number="1567"/>
						<line hits="1" number="1568"/>
						<line hits="1" number="1569"/>
						<line hits="1" number="1570"/>
						<line hits="1" number="1571"/>
						<line hits="1" number="1572"/>
						<line hits="1" number="1573"/>
						<line hits="1" number="1576"/>
						<line hits="1" number="1577"/>
						<line hits="1" number="1578"/>
						<line hits="1" number="1579"/>
						<line hits="1" number="1580"/>
						<line hits="1" number="1581"/>
						<line hits="1" number="1582"/>
						<line hits="0" number="1583"/>
						<line hits="0" number="1584"/>
						<line hits="0" number="1585"/>
						<line hits="0" number="1586"/>
						<line hits="0" number="1587"/>
						<line hits="0" number="1589"/>
						<line hits="1" number="1591"/>
						<line hits="1" number="1592"/>
						<line hits="1" number="1593"/>
						<line hits="1" number="1594"/>
						<line hits="1" number="1595"/>
						<line hits="1" number="1596"/>
						<line hits="1" number="1597"/>
						<line hits="1" number="1598"/>
						<line hits="1" number="1599"/>
						<line hits="1" number="1604"/>
						<line hits="1" number="1605"/>
						<line hits="1" number="1606"/>
						<line hits="1" number="1607"/>
						<line hits="1" number="1611"/>
						<line hits="1" number="1612"/>
						<line hits="1" number="1613"/>
						<line hits="1" number="1615"/>
						<line hits="1" number="1618"/>
						<line hits="1" number="1621"/>
						<line hits="1" number="1622"/>
						<line hits="1" number="1623"/>
						<line hits="1" number="1624"/>
						<line hits="0" number="1625"/>
						<line hits="0" number="1626"/>
						<line hits="0" number="1627"/>
						<line hits="1" number="1628"/>
						<line hits="1" number="1629"/>
						<line hits="1" number="1630"/>
						<line hits="1" number="1631"/>
						<line hits="1" number="1632"/>
						<line hits="1" number="1633"/>
						<line hits="1" number="1634"/>
						<line hits="1" number="1635"/>
						<line hits="1" number="1636"/>
						<line hits="1" number="1637"/>
						<line hits="1" number="1638"/>
						<line hits="1" number="1639"/>
						<line hits="1" number="1640"/>
						<line hits="1" number="1641"/>
						<line hits="0" number="1642"/>
						<line hits="1" number="1643"/>
						<line hits="1" number="1644"/>
						<line hits="1" number="1645"/>
						<line hits="1" number="1646"/>
						<line hits="1" number="1647"/>
						<line hits="1" number="1648"/>
						<line hits="1" number="1649"/>
						<line hits="1" number="1650"/>
						<line hits="1" number="1651"/>
						<line hits="1" number="1652"/>
						<line hits="0" number="1653"/>
						<line hits="1" number="1654"/>
						<line hits="1" number="1655"/>
						<line hits="1" number="1658"/>
						<line hits="1" number="1659"/>
						<line hits="1" number="1661"/>
						<line hits="1" number="1662"/>
						<line hits="1" number="1663"/>
						<line hits="1" number="1664"/>
						<line hits="1" number="1666"/>
						<line hits="1" number="1667"/>
						<line hits="1" number="1668"/>
						<line hits="1" number="1669"/>
						<line hits="1" number="1671"/>
						<line hits="1" number="1672"/>
						<line hits="1" number="1673"/>
						<line hits="1" number="1675"/>
						<line hits="1" number="1676"/>
						<line hits="1" number="1677"/>
						<line hits="1" number="1680"/>
						<line hits="1" number="1683"/>
						<line hits="1" number="1684"/>
						<line hits="1" number="1685"/>
						<line hits="1" number="1686"/>
						<line hits="1" number="1687"/>
						<line hits="1" number="1688"/>
						<line hits="1" number="1689"/>
						<line hits="1" number="1692"/>
						<line hits="1" number="1693"/>
						<line hits="1" number="1694"/>
						<line hits="1" number="1695"/>
						<line hits="1" number="1696"/>
						<line hits="1" number="1697"/>
						<line hits="1" number="1698"/>
						<line hits="0" number="1699"/>
						<line hits="0" number="1700"/>
						<line hits="0" number="1701"/>
						<line hits="0" number="1702"/>
						<line hits="0" number="1703"/>
						<line hits="0" number="1705"/>
						<line hits="1" number="1707"/>
						<line hits="1" number="1708"/>
						<line hits="1" number="1709"/>
						<line hits="1" number="1710"/>
						<line hits="1" number="1711"/>
						<line hits="1" number="1712"/>
						<line hits="1" number="1713"/>
						<line hits="1" number="1714"/>
						<line hits="1" number="1715"/>
						<line hits="1" number="1720"/>
						<line hits="1" number="1721"/>
						<line hits="1" number="1722"/>
						<line hits="1" number="1723"/>
						<line hits="1" number="1727"/>
						<line hits="1" number="1728"/>
						<line hits="1" number="1729"/>
						<line hits="1" number="1731"/>
						<line hits="1" number="1734"/>
						<line hits="1" number="1737"/>
						<line hits="1" number="1738"/>
						<line hits="1" number="1739"/>
						<line hits="1" number="1740"/>
						<line hits="0" number="1741"/>
						<line hits="0" number="1742"/>
						<line hits="0" number="1743"/>
						<line hits="1" number="1744"/>
						<line hits="1" number="1745"/>
						<line hits="1" number="1746"/>
						<line hits="1" number="1747"/>
						<line hits="1" number="1748"/>
						<line hits="1" number="1749"/>
						<line hits="1" number="1750"/>
						<line hits="1" number="1751"/>
						<line hits="1" number="1752"/>
						<line hits="1" number="1753"/>
						<line hits="1" number="1754"/>
						<line hits="1" number="1755"/>
						<line hits="1" number="1756"/>
						<line hits="1" number="1757"/>
						<line hits="0" number="1758"/>
						<line hits="1" number="1759"/>
						<line hits="1" number="1760"/>
						<line hits="1" number="1761"/>
						<line hits="1" number="1762"/>
						<line hits="1" number="1763"/>
						<line hits="1" number="1764"/>
						<line hits="1" number="1765"/>
						<line hits="1" number="1766"/>
						<line hits="1" number="1767"/>
						<line hits="1" number="1768"/>
						<line hits="0" number="1769"/>
						<line hits="1" number="1770"/>
						<line hits="1" number="1771"/>
						<line hits="1" number="1774"/>
						<line hits="1" number="1775"/>
						<line hits="1" number="1777"/>
						<line hits="1" number="1778"/>
						<line hits="1" number="1779"/>
						<line hits="1" number="1780"/>
						<line hits="1" number="1782"/>
						<line hits="1" number="1783"/>
						<line hits="1" number="1784"/>
						<line hits="1" number="1785"/>
						<line hits="1" number="1787"/>
						<line hits="1" number="1788"/>
						<line hits="1" number="1789"/>
						<line hits="1" number="1791"/>
						<line hits="1" number="1792"/>
						<line hits="1" number="1793"/>
						<line hits="1" number="1796"/>
						<line hits="1" number="1799"/>
						<line hits="1" number="1800"/>
						<line hits="1" number="1801"/>
						<line hits="1" number="1802"/>
						<line hits="1" number="1803"/>
						<line hits="1" number="1804"/>
						<line hits="1" number="1805"/>
						<line hits="1" number="1808"/>
						<line hits="1" number="1809"/>
						<line hits="1" number="1810"/>
						<line hits="1" number="1811"/>
						<line hits="1" number="1812"/>
						<line hits="1" number="1813"/>
						<line hits="1" number="1814"/>
						<line hits="0" number="1815"/>
						<line hits="0" number="1816"/>
						<line hits="0" number="1817"/>
						<line hits="0" number="1818"/>
						<line hits="0" number="1819"/>
						<line hits="0" number="1821"/>
						<line hits="1" number="1823"/>
						<line hits="1" number="1824"/>
						<line hits="1" number="1825"/>
						<line hits="1" number="1826"/>
						<line hits="1" number="1827"/>
						<line hits="1" number="1828"/>
						<line hits="1" number="1829"/>
						<line hits="1" number="1830"/>
						<line hits="1" number="1831"/>
						<line hits="1" number="1836"/>
						<line hits="1" number="1837"/>
						<line hits="1" number="1838"/>
						<line hits="1" number="1839"/>
						<line hits="1" number="1843"/>
						<line hits="1" number="1844"/>
						<line hits="1" number="1845"/>
						<line hits="1" number="1847"/>
						<line hits="1" number="1850"/>
						<line hits="1" number="1853"/>
						<line hits="1" number="1854"/>
						<line hits="1" number="1855"/>
						<line hits="1" number="1856"/>
						<line hits="1" number="1857"/>
						<line hits="1" number="1858"/>
						<line hits="1" number="1859"/>
						<line hits="1" number="1860"/>
						<line hits="1" number="1861"/>
						<line hits="1" number="1862"/>
						<line hits="1" number="1863"/>
						<line hits="1" number="1864"/>
						<line hits="1" number="1865"/>
						<line hits="1" number="1866"/>
						<line hits="1" number="1867"/>
						<line hits="1" number="1868"/>
						<line hits="1" number="1869"/>
						<line hits="1" number="1870"/>
						<line hits="1" number="1871"/>
						<line hits="1" number="1872"/>
						<line hits="1" number="1873"/>
						<line hits="0" number="1874"/>
						<line hits="1" number="1875"/>
						<line hits="1" number="1876"/>
						<line hits="1" number="1877"/>
						<line hits="1" number="1878"/>
						<line hits="1" number="1879"/>
						<line hits="1" number="1880"/>
						<line hits="1" number="1881"/>
						<line hits="1" number="1882"/>
						<line hits="1" number="1883"/>
						<line hits="1" number="1884"/>
						<line hits="0" number="1885"/>
						<line hits="1" number="1886"/>
						<line hits="1" number="1887"/>
						<line hits="1" number="1890"/>
						<line hits="1" number="1891"/>
						<line hits="1" number="1893"/>
						<line hits="1" number="1894"/>
						<line hits="1" number="1895"/>
						<line hits="1" number="1896"/>
						<line hits="1" number="1898"/>
						<line hits="1" number="1899"/>
						<line hits="1" number="1900"/>
						<line hits="1" number="1901"/>
						<line hits="1" number="1903"/>
						<line hits="1" number="1904"/>
						<line hits="1" number="1905"/>
						<line hits="1" number="1907"/>
						<line hits="1" number="1908"/>
						<line hits="1" number="1909"/>
						<line hits="1" number="1912"/>
						<line hits="1" number="1915"/>
						<line hits="1" number="1916"/>
						<line hits="1" number="1917"/>
						<line hits="1" number="1918"/>
						<line hits="1" number="1919"/>
						<line hits="1" number="1920"/>
						<line hits="1" number="1921"/>
						<line hits="1" number="1924"/>
						<line hits="1" number="1925"/>
						<line hits="1" number="1926"/>
						<line hits="1" number="1927"/>
						<line hits="1" number="1928"/>
						<line hits="1" number="1929"/>
						<line hits="1" number="1930"/>
						<line hits="0" number="1931"/>
						<line hits="0" number="1932"/>
						<line hits="0" number="1933"/>
						<line hits="0" number="1934"/>
						<line hits="0" number="1935"/>
						<line hits="0" number="1937"/>
						<line hits="1" number="1939"/>
						<line hits="1" number="1940"/>
						<line hits="1" number="1941"/>
						<line hits="1" number="1942"/>
						<line hits="1" number="1943"/>
						<line hits="1" number="1944"/>
						<line hits="1" number="1945"/>
						<line hits="1" number="1946"/>
						<line hits="1" number="1947"/>
						<line hits="1" number="1952"/>
						<line hits="1" number="1953"/>
						<line hits="1" number="1954"/>
						<line hits="1" number="1955"/>
						<line hits="1" number="1959"/>
						<line hits="1" number="1960"/>
						<line hits="1" number="1961"/>
						<line hits="1" number="1962"/>
						<line hits="1" number="1965"/>
						<line hits="1" number="1968"/>
						<line hits="1" number="1969"/>
						<line hits="1" number="1970"/>
						<line hits="1" number="1971"/>
						<line hits="1" number="1972"/>
						<line hits="1" number="1973"/>
						<line hits="1" number="1974"/>
						<line hits="0" number="1975"/>
						<line hits="0" number="1976"/>
						<line hits="0" number="1977"/>
						<line hits="0" number="1978"/>
						<line hits="0" number="1979"/>
						<line hits="0" number="1980"/>
						<line hits="0" number="1981"/>
						<line hits="0" number="1982"/>
						<line hits="0" number="1983"/>
						<line hits="0" number="1984"/>
						<line hits="0" number="1985"/>
						<line hits="0" number="1986"/>
						<line hits="1" number="1987"/>
						<line hits="0" number="1988"/>
						<line hits="0" number="1989"/>
						<line hits="0" number="1990"/>
						<line hits="0" number="1991"/>
						<line hits="0" number="1992"/>
						<line hits="0" number="1993"/>
						<line hits="0" number="1994"/>
						<line hits="0" number="1995"/>
						<line hits="0" number="1996"/>
						<line hits="0" number="1997"/>
						<line hits="1" number="1998"/>
						<line hits="1" number="1999"/>
						<line hits="0" number="2000"/>
						<line hits="1" number="2001"/>
						<line hits="1" number="2002"/>
						<line hits="1" number="2005"/>
						<line hits="1" number="2006"/>
						<line hits="1" number="2008"/>
						<line hits="1" number="2009"/>
						<line hits="1" number="2011"/>
						<line hits="1" number="2012"/>
						<line hits="1" number="2013"/>
						<line hits="1" number="2014"/>
						<line hits="1" number="2016"/>
						<line hits="1" number="2017"/>
						<line hits="1" number="2019"/>
						<line hits="1" number="2020"/>
						<line hits="1" number="2022"/>
						<line hits="1" number="2025"/>
						<line hits="1" number="2028"/>
						<line hits="1" number="2031"/>
						<line hits="1" number="2034"/>
						<line hits="1" number="2037"/>
						<line hits="1" number="2040"/>
						<line hits="1" number="2043"/>
						<line hits="1" number="2046"/>
						<line hits="1" number="2049"/>
						<line hits="1" number="2053"/>
						<line hits="1" number="2055"/>
						<line hits="1" number="2056"/>
						<line hits="1" number="2057"/>
						<line hits="1" number="2058"/>
						<line hits="1" number="2063"/>
						<line hits="1" number="2064"/>
						<line hits="1" number="2065"/>
						<line hits="1" number="2074"/>
						<line hits="1" number="2075"/>
						<line hits="1" number="2076"/>
						<line hits="1" number="2077"/>
						<line hits="1" number="2079"/>
						<line hits="1" number="2080"/>
						<line hits="1" number="2082"/>
						<line hits="1" number="2083"/>
						<line hits="1" number="2084"/>
						<line hits="1" number="2087"/>
						<line hits="1" number="2088"/>
						<line hits="1" number="2089"/>
						<line hits="1" number="2093"/>
						<line hits="1" number="2094"/>
						<line hits="1" number="2095"/>
						<line hits="1" number="2096"/>
						<line hits="1" number="2097"/>
						<line hits="1" number="2098"/>
						<line hits="1" number="2100"/>
						<line hits="1" number="2103"/>
						<line hits="1" number="2106"/>
						<line hits="1" number="2109"/>
						<line hits="1" number="2112"/>
						<line hits="1" number="2115"/>
						<line hits="1" number="2118"/>
						<line hits="1" number="2121"/>
						<line hits="1" number="2124"/>
						<line hits="1" number="2127"/>
						<line hits="1" number="2131"/>
						<line hits="1" number="2133"/>
						<line hits="1" number="2134"/>
						<line hits="1" number="2136"/>
						<line hits="1" number="2137"/>
						<line hits="1" number="2138"/>
						<line hits="1" number="2139"/>
						<line hits="1" number="2140"/>
						<line hits="1" number="2141"/>
						<line hits="1" number="2146"/>
						<line hits="1" number="2148"/>
						<line hits="1" number="2153"/>
						<line hits="1" number="2154"/>
						<line hits="1" number="2155"/>
						<line hits="1" number="2158"/>
						<line hits="1" number="2160"/>
						<line hits="1" number="2161"/>
						<line hits="1" number="2162"/>
						<line hits="1" number="2165"/>
						<line hits="1" number="2166"/>
						<line hits="1" number="2167"/>
						<line hits="1" number="2168"/>
						<line hits="1" number="2171"/>
						<line hits="1" number="2174"/>
						<line hits="1" number="2176"/>
						<line hits="1" number="2177"/>
						<line hits="1" number="2178"/>
						<line hits="1" number="2180"/>
						<line hits="1" number="2181"/>
						<line hits="1" number="2183"/>
						<line hits="1" number="2184"/>
						<line hits="1" number="2186"/>
						<line hits="1" number="2187"/>
						<line hits="1" number="2189"/>
						<line hits="1" number="2190"/>
						<line hits="1" number="2192"/>
						<line hits="1" number="2193"/>
						<line hits="1" number="2195"/>
						<line hits="1" number="2196"/>
						<line hits="1" number="2198"/>
						<line hits="1" number="2200"/>
						<line hits="1" number="2201"/>
						<line hits="1" number="2202"/>
						<line hits="1" number="2203"/>
						<line hits="1" number="2204"/>
						<line hits="1" number="2205"/>
						<line hits="1" number="2206"/>
					</lines>
				</class>
			</classes>
		</package>
	</packages>
</coverage>
